{"C:\\workspace\\jojo-game\\src\\game\\data\\CountingData.js": {"path":"C:\\workspace\\jojo-game\\src\\game\\data\\CountingData.js","statementMap":{"0":{"start":{"line":1,"column":17},"end":{"line":1,"column":43}},"1":{"start":{"line":3,"column":31},"end":{"line":29,"column":1}},"2":{"start":{"line":32,"column":4},"end":{"line":36,"column":null}},"3":{"start":{"line":33,"column":8},"end":{"line":33,"column":null}},"4":{"start":{"line":35,"column":8},"end":{"line":35,"column":null}},"5":{"start":{"line":40,"column":14},"end":{"line":40,"column":35}},"6":{"start":{"line":41,"column":4},"end":{"line":41,"column":null}},"7":{"start":{"line":42,"column":4},"end":{"line":44,"column":null}},"8":{"start":{"line":43,"column":8},"end":{"line":43,"column":null}},"9":{"start":{"line":48,"column":4},"end":{"line":48,"column":null}},"10":{"start":{"line":48,"column":23},"end":{"line":48,"column":null}},"11":{"start":{"line":49,"column":4},"end":{"line":49,"column":null}}},"fnMap":{"0":{"name":"getCountingProgress","decl":{"start":{"line":31,"column":16},"end":{"line":31,"column":35}},"loc":{"start":{"line":31,"column":38},"end":{"line":37,"column":null}},"line":31},"1":{"name":"saveCountingProgress","decl":{"start":{"line":39,"column":16},"end":{"line":39,"column":36}},"loc":{"start":{"line":39,"column":46},"end":{"line":45,"column":null}},"line":39},"2":{"name":"isCountingUnlocked","decl":{"start":{"line":47,"column":16},"end":{"line":47,"column":34}},"loc":{"start":{"line":47,"column":44},"end":{"line":50,"column":null}},"line":47}},"branchMap":{"0":{"loc":{"start":{"line":33,"column":15},"end":{"line":33,"column":63}},"type":"binary-expr","locations":[{"start":{"line":33,"column":15},"end":{"line":33,"column":57}},{"start":{"line":33,"column":61},"end":{"line":33,"column":63}}],"line":33},"1":{"loc":{"start":{"line":48,"column":4},"end":{"line":48,"column":null}},"type":"if","locations":[{"start":{"line":48,"column":4},"end":{"line":48,"column":null}},{"start":{},"end":{}}],"line":48}},"s":{"0":1,"1":1,"2":13,"3":13,"4":1,"5":5,"6":5,"7":5,"8":5,"9":5,"10":1,"11":4},"f":{"0":13,"1":5,"2":5},"b":{"0":[13,7],"1":[1,4]},"meta":{"lastBranch":2,"lastFunction":3,"lastStatement":12,"seen":{"s:1:17:1:43":0,"s:3:31:29:1":1,"f:31:16:31:35":0,"s:32:4:36:Infinity":2,"s:33:8:33:Infinity":3,"b:33:15:33:57:33:61:33:63":0,"s:35:8:35:Infinity":4,"f:39:16:39:36":1,"s:40:14:40:35":5,"s:41:4:41:Infinity":6,"s:42:4:44:Infinity":7,"s:43:8:43:Infinity":8,"f:47:16:47:34":2,"b:48:4:48:Infinity:undefined:undefined:undefined:undefined":1,"s:48:4:48:Infinity":9,"s:48:23:48:Infinity":10,"s:49:4:49:Infinity":11}}}
,"C:\\workspace\\jojo-game\\src\\game\\data\\I18n.js": {"path":"C:\\workspace\\jojo-game\\src\\game\\data\\I18n.js","statementMap":{"0":{"start":{"line":3,"column":16},"end":{"line":479,"column":1}},"1":{"start":{"line":10,"column":36},"end":{"line":10,"column":59}},"2":{"start":{"line":11,"column":36},"end":{"line":11,"column":58}},"3":{"start":{"line":16,"column":33},"end":{"line":16,"column":46}},"4":{"start":{"line":26,"column":36},"end":{"line":26,"column":55}},"5":{"start":{"line":104,"column":36},"end":{"line":104,"column":59}},"6":{"start":{"line":107,"column":36},"end":{"line":107,"column":58}},"7":{"start":{"line":114,"column":34},"end":{"line":114,"column":46}},"8":{"start":{"line":157,"column":35},"end":{"line":157,"column":58}},"9":{"start":{"line":166,"column":36},"end":{"line":166,"column":59}},"10":{"start":{"line":167,"column":33},"end":{"line":167,"column":43}},"11":{"start":{"line":176,"column":36},"end":{"line":176,"column":58}},"12":{"start":{"line":177,"column":36},"end":{"line":177,"column":58}},"13":{"start":{"line":182,"column":33},"end":{"line":182,"column":45}},"14":{"start":{"line":192,"column":36},"end":{"line":192,"column":51}},"15":{"start":{"line":263,"column":36},"end":{"line":263,"column":56}},"16":{"start":{"line":266,"column":36},"end":{"line":266,"column":58}},"17":{"start":{"line":272,"column":34},"end":{"line":272,"column":46}},"18":{"start":{"line":312,"column":35},"end":{"line":312,"column":57}},"19":{"start":{"line":321,"column":36},"end":{"line":321,"column":58}},"20":{"start":{"line":322,"column":33},"end":{"line":322,"column":43}},"21":{"start":{"line":331,"column":36},"end":{"line":331,"column":59}},"22":{"start":{"line":332,"column":36},"end":{"line":332,"column":58}},"23":{"start":{"line":337,"column":33},"end":{"line":337,"column":45}},"24":{"start":{"line":347,"column":36},"end":{"line":347,"column":55}},"25":{"start":{"line":418,"column":36},"end":{"line":418,"column":54}},"26":{"start":{"line":421,"column":36},"end":{"line":421,"column":61}},"27":{"start":{"line":427,"column":34},"end":{"line":427,"column":46}},"28":{"start":{"line":467,"column":35},"end":{"line":467,"column":58}},"29":{"start":{"line":476,"column":36},"end":{"line":476,"column":59}},"30":{"start":{"line":477,"column":33},"end":{"line":477,"column":43}},"31":{"start":{"line":481,"column":17},"end":{"line":481,"column":30}},"32":{"start":{"line":482,"column":18},"end":{"line":482,"column":36}},"33":{"start":{"line":485,"column":19},"end":{"line":485,"column":49}},"34":{"start":{"line":486,"column":4},"end":{"line":486,"column":54}},"35":{"start":{"line":490,"column":4},"end":{"line":490,"column":71}},"36":{"start":{"line":490,"column":34},"end":{"line":490,"column":71}},"37":{"start":{"line":494,"column":17},"end":{"line":494,"column":81}},"38":{"start":{"line":495,"column":4},"end":{"line":495,"column":18}},"39":{"start":{"line":496,"column":4},"end":{"line":496,"column":16}},"40":{"start":{"line":500,"column":17},"end":{"line":500,"column":26}},"41":{"start":{"line":501,"column":16},"end":{"line":501,"column":69}},"42":{"start":{"line":502,"column":4},"end":{"line":502,"column":38}},"43":{"start":{"line":502,"column":27},"end":{"line":502,"column":38}},"44":{"start":{"line":503,"column":19},"end":{"line":503,"column":65}},"45":{"start":{"line":504,"column":4},"end":{"line":504,"column":93}}},"fnMap":{"0":{"name":"(anonymous_0)","decl":{"start":{"line":10,"column":26},"end":{"line":10,"column":27}},"loc":{"start":{"line":10,"column":36},"end":{"line":10,"column":59}},"line":10},"1":{"name":"(anonymous_1)","decl":{"start":{"line":11,"column":26},"end":{"line":11,"column":27}},"loc":{"start":{"line":11,"column":36},"end":{"line":11,"column":58}},"line":11},"2":{"name":"(anonymous_2)","decl":{"start":{"line":16,"column":26},"end":{"line":16,"column":27}},"loc":{"start":{"line":16,"column":33},"end":{"line":16,"column":46}},"line":16},"3":{"name":"(anonymous_3)","decl":{"start":{"line":26,"column":26},"end":{"line":26,"column":27}},"loc":{"start":{"line":26,"column":36},"end":{"line":26,"column":55}},"line":26},"4":{"name":"(anonymous_4)","decl":{"start":{"line":104,"column":29},"end":{"line":104,"column":30}},"loc":{"start":{"line":104,"column":36},"end":{"line":104,"column":59}},"line":104},"5":{"name":"(anonymous_5)","decl":{"start":{"line":107,"column":29},"end":{"line":107,"column":30}},"loc":{"start":{"line":107,"column":36},"end":{"line":107,"column":58}},"line":107},"6":{"name":"(anonymous_6)","decl":{"start":{"line":114,"column":27},"end":{"line":114,"column":28}},"loc":{"start":{"line":114,"column":34},"end":{"line":114,"column":46}},"line":114},"7":{"name":"(anonymous_7)","decl":{"start":{"line":157,"column":25},"end":{"line":157,"column":26}},"loc":{"start":{"line":157,"column":35},"end":{"line":157,"column":58}},"line":157},"8":{"name":"(anonymous_8)","decl":{"start":{"line":166,"column":26},"end":{"line":166,"column":27}},"loc":{"start":{"line":166,"column":36},"end":{"line":166,"column":59}},"line":166},"9":{"name":"(anonymous_9)","decl":{"start":{"line":167,"column":26},"end":{"line":167,"column":27}},"loc":{"start":{"line":167,"column":33},"end":{"line":167,"column":43}},"line":167},"10":{"name":"(anonymous_10)","decl":{"start":{"line":176,"column":26},"end":{"line":176,"column":27}},"loc":{"start":{"line":176,"column":36},"end":{"line":176,"column":58}},"line":176},"11":{"name":"(anonymous_11)","decl":{"start":{"line":177,"column":26},"end":{"line":177,"column":27}},"loc":{"start":{"line":177,"column":36},"end":{"line":177,"column":58}},"line":177},"12":{"name":"(anonymous_12)","decl":{"start":{"line":182,"column":26},"end":{"line":182,"column":27}},"loc":{"start":{"line":182,"column":33},"end":{"line":182,"column":45}},"line":182},"13":{"name":"(anonymous_13)","decl":{"start":{"line":192,"column":26},"end":{"line":192,"column":27}},"loc":{"start":{"line":192,"column":36},"end":{"line":192,"column":51}},"line":192},"14":{"name":"(anonymous_14)","decl":{"start":{"line":263,"column":29},"end":{"line":263,"column":30}},"loc":{"start":{"line":263,"column":36},"end":{"line":263,"column":56}},"line":263},"15":{"name":"(anonymous_15)","decl":{"start":{"line":266,"column":29},"end":{"line":266,"column":30}},"loc":{"start":{"line":266,"column":36},"end":{"line":266,"column":58}},"line":266},"16":{"name":"(anonymous_16)","decl":{"start":{"line":272,"column":27},"end":{"line":272,"column":28}},"loc":{"start":{"line":272,"column":34},"end":{"line":272,"column":46}},"line":272},"17":{"name":"(anonymous_17)","decl":{"start":{"line":312,"column":25},"end":{"line":312,"column":26}},"loc":{"start":{"line":312,"column":35},"end":{"line":312,"column":57}},"line":312},"18":{"name":"(anonymous_18)","decl":{"start":{"line":321,"column":26},"end":{"line":321,"column":27}},"loc":{"start":{"line":321,"column":36},"end":{"line":321,"column":58}},"line":321},"19":{"name":"(anonymous_19)","decl":{"start":{"line":322,"column":26},"end":{"line":322,"column":27}},"loc":{"start":{"line":322,"column":33},"end":{"line":322,"column":43}},"line":322},"20":{"name":"(anonymous_20)","decl":{"start":{"line":331,"column":26},"end":{"line":331,"column":27}},"loc":{"start":{"line":331,"column":36},"end":{"line":331,"column":59}},"line":331},"21":{"name":"(anonymous_21)","decl":{"start":{"line":332,"column":26},"end":{"line":332,"column":27}},"loc":{"start":{"line":332,"column":36},"end":{"line":332,"column":58}},"line":332},"22":{"name":"(anonymous_22)","decl":{"start":{"line":337,"column":26},"end":{"line":337,"column":27}},"loc":{"start":{"line":337,"column":33},"end":{"line":337,"column":45}},"line":337},"23":{"name":"(anonymous_23)","decl":{"start":{"line":347,"column":26},"end":{"line":347,"column":27}},"loc":{"start":{"line":347,"column":36},"end":{"line":347,"column":55}},"line":347},"24":{"name":"(anonymous_24)","decl":{"start":{"line":418,"column":29},"end":{"line":418,"column":30}},"loc":{"start":{"line":418,"column":36},"end":{"line":418,"column":54}},"line":418},"25":{"name":"(anonymous_25)","decl":{"start":{"line":421,"column":29},"end":{"line":421,"column":30}},"loc":{"start":{"line":421,"column":36},"end":{"line":421,"column":61}},"line":421},"26":{"name":"(anonymous_26)","decl":{"start":{"line":427,"column":27},"end":{"line":427,"column":28}},"loc":{"start":{"line":427,"column":34},"end":{"line":427,"column":46}},"line":427},"27":{"name":"(anonymous_27)","decl":{"start":{"line":467,"column":25},"end":{"line":467,"column":26}},"loc":{"start":{"line":467,"column":35},"end":{"line":467,"column":58}},"line":467},"28":{"name":"(anonymous_28)","decl":{"start":{"line":476,"column":26},"end":{"line":476,"column":27}},"loc":{"start":{"line":476,"column":36},"end":{"line":476,"column":59}},"line":476},"29":{"name":"(anonymous_29)","decl":{"start":{"line":477,"column":26},"end":{"line":477,"column":27}},"loc":{"start":{"line":477,"column":33},"end":{"line":477,"column":43}},"line":477},"30":{"name":"getLang","decl":{"start":{"line":484,"column":16},"end":{"line":484,"column":23}},"loc":{"start":{"line":484,"column":26},"end":{"line":487,"column":1}},"line":484},"31":{"name":"setLang","decl":{"start":{"line":489,"column":16},"end":{"line":489,"column":23}},"loc":{"start":{"line":489,"column":30},"end":{"line":491,"column":1}},"line":489},"32":{"name":"cycleLang","decl":{"start":{"line":493,"column":16},"end":{"line":493,"column":25}},"loc":{"start":{"line":493,"column":28},"end":{"line":497,"column":1}},"line":493},"33":{"name":"t","decl":{"start":{"line":499,"column":16},"end":{"line":499,"column":17}},"loc":{"start":{"line":499,"column":32},"end":{"line":505,"column":1}},"line":499}},"branchMap":{"0":{"loc":{"start":{"line":486,"column":11},"end":{"line":486,"column":53}},"type":"cond-expr","locations":[{"start":{"line":486,"column":40},"end":{"line":486,"column":46}},{"start":{"line":486,"column":49},"end":{"line":486,"column":53}}],"line":486},"1":{"loc":{"start":{"line":490,"column":4},"end":{"line":490,"column":71}},"type":"if","locations":[{"start":{"line":490,"column":4},"end":{"line":490,"column":71}},{"start":{},"end":{}}],"line":490},"2":{"loc":{"start":{"line":501,"column":16},"end":{"line":501,"column":69}},"type":"binary-expr","locations":[{"start":{"line":501,"column":16},"end":{"line":501,"column":50}},{"start":{"line":501,"column":54},"end":{"line":501,"column":69}}],"line":501},"3":{"loc":{"start":{"line":501,"column":17},"end":{"line":501,"column":44}},"type":"binary-expr","locations":[{"start":{"line":501,"column":17},"end":{"line":501,"column":30}},{"start":{"line":501,"column":34},"end":{"line":501,"column":44}}],"line":501},"4":{"loc":{"start":{"line":502,"column":4},"end":{"line":502,"column":38}},"type":"if","locations":[{"start":{"line":502,"column":4},"end":{"line":502,"column":38}},{"start":{},"end":{}}],"line":502},"5":{"loc":{"start":{"line":503,"column":19},"end":{"line":503,"column":65}},"type":"cond-expr","locations":[{"start":{"line":503,"column":47},"end":{"line":503,"column":59}},{"start":{"line":503,"column":62},"end":{"line":503,"column":65}}],"line":503},"6":{"loc":{"start":{"line":504,"column":11},"end":{"line":504,"column":92}},"type":"cond-expr","locations":[{"start":{"line":504,"column":40},"end":{"line":504,"column":83}},{"start":{"line":504,"column":86},"end":{"line":504,"column":92}}],"line":504}},"s":{"0":1,"1":1,"2":0,"3":0,"4":0,"5":0,"6":0,"7":0,"8":0,"9":0,"10":0,"11":0,"12":0,"13":0,"14":0,"15":0,"16":0,"17":0,"18":0,"19":0,"20":0,"21":0,"22":0,"23":0,"24":0,"25":0,"26":0,"27":0,"28":0,"29":0,"30":0,"31":1,"32":1,"33":22,"34":22,"35":17,"36":16,"37":4,"38":4,"39":4,"40":9,"41":9,"42":9,"43":1,"44":8,"45":9},"f":{"0":1,"1":0,"2":0,"3":0,"4":0,"5":0,"6":0,"7":0,"8":0,"9":0,"10":0,"11":0,"12":0,"13":0,"14":0,"15":0,"16":0,"17":0,"18":0,"19":0,"20":0,"21":0,"22":0,"23":0,"24":0,"25":0,"26":0,"27":0,"28":0,"29":0,"30":22,"31":17,"32":4,"33":9},"b":{"0":[19,3],"1":[16,1],"2":[9,1],"3":[9,0],"4":[1,8],"5":[1,7],"6":[8,0]},"meta":{"lastBranch":7,"lastFunction":34,"lastStatement":46,"seen":{"s:3:16:479:1":0,"f:10:26:10:27":0,"s:10:36:10:59":1,"f:11:26:11:27":1,"s:11:36:11:58":2,"f:16:26:16:27":2,"s:16:33:16:46":3,"f:26:26:26:27":3,"s:26:36:26:55":4,"f:104:29:104:30":4,"s:104:36:104:59":5,"f:107:29:107:30":5,"s:107:36:107:58":6,"f:114:27:114:28":6,"s:114:34:114:46":7,"f:157:25:157:26":7,"s:157:35:157:58":8,"f:166:26:166:27":8,"s:166:36:166:59":9,"f:167:26:167:27":9,"s:167:33:167:43":10,"f:176:26:176:27":10,"s:176:36:176:58":11,"f:177:26:177:27":11,"s:177:36:177:58":12,"f:182:26:182:27":12,"s:182:33:182:45":13,"f:192:26:192:27":13,"s:192:36:192:51":14,"f:263:29:263:30":14,"s:263:36:263:56":15,"f:266:29:266:30":15,"s:266:36:266:58":16,"f:272:27:272:28":16,"s:272:34:272:46":17,"f:312:25:312:26":17,"s:312:35:312:57":18,"f:321:26:321:27":18,"s:321:36:321:58":19,"f:322:26:322:27":19,"s:322:33:322:43":20,"f:331:26:331:27":20,"s:331:36:331:59":21,"f:332:26:332:27":21,"s:332:36:332:58":22,"f:337:26:337:27":22,"s:337:33:337:45":23,"f:347:26:347:27":23,"s:347:36:347:55":24,"f:418:29:418:30":24,"s:418:36:418:54":25,"f:421:29:421:30":25,"s:421:36:421:61":26,"f:427:27:427:28":26,"s:427:34:427:46":27,"f:467:25:467:26":27,"s:467:35:467:58":28,"f:476:26:476:27":28,"s:476:36:476:59":29,"f:477:26:477:27":29,"s:477:33:477:43":30,"s:481:17:481:30":31,"s:482:18:482:36":32,"f:484:16:484:23":30,"s:485:19:485:49":33,"s:486:4:486:54":34,"b:486:40:486:46:486:49:486:53":0,"f:489:16:489:23":31,"b:490:4:490:71:undefined:undefined:undefined:undefined":1,"s:490:4:490:71":35,"s:490:34:490:71":36,"f:493:16:493:25":32,"s:494:17:494:81":37,"s:495:4:495:18":38,"s:496:4:496:16":39,"f:499:16:499:17":33,"s:500:17:500:26":40,"s:501:16:501:69":41,"b:501:16:501:50:501:54:501:69":2,"b:501:17:501:30:501:34:501:44":3,"b:502:4:502:38:undefined:undefined:undefined:undefined":4,"s:502:4:502:38":42,"s:502:27:502:38":43,"s:503:19:503:65":44,"b:503:47:503:59:503:62:503:65":5,"s:504:4:504:93":45,"b:504:40:504:83:504:86:504:92":6}}}
,"C:\\workspace\\jojo-game\\src\\game\\data\\ItemData.js": {"path":"C:\\workspace\\jojo-game\\src\\game\\data\\ItemData.js","statementMap":{"0":{"start":{"line":3,"column":22},"end":{"line":9,"column":1}},"1":{"start":{"line":11,"column":21},"end":{"line":30,"column":1}},"2":{"start":{"line":33,"column":31},"end":{"line":37,"column":1}},"3":{"start":{"line":39,"column":31},"end":{"line":42,"column":1}}},"fnMap":{},"branchMap":{},"s":{"0":2,"1":2,"2":2,"3":2},"f":{},"b":{},"meta":{"lastBranch":0,"lastFunction":0,"lastStatement":4,"seen":{"s:3:22:9:1":0,"s:11:21:30:1":1,"s:33:31:37:1":2,"s:39:31:42:1":3}}}
,"C:\\workspace\\jojo-game\\src\\game\\data\\LevelData.js": {"path":"C:\\workspace\\jojo-game\\src\\game\\data\\LevelData.js","statementMap":{"0":{"start":{"line":5,"column":22},"end":{"line":89,"column":1}},"1":{"start":{"line":92,"column":4},"end":{"line":92,"column":null}},"2":{"start":{"line":92,"column":22},"end":{"line":92,"column":null}},"3":{"start":{"line":93,"column":4},"end":{"line":93,"column":null}},"4":{"start":{"line":96,"column":17},"end":{"line":96,"column":34}},"5":{"start":{"line":97,"column":22},"end":{"line":97,"column":40}},"6":{"start":{"line":98,"column":18},"end":{"line":98,"column":36}},"7":{"start":{"line":101,"column":4},"end":{"line":105,"column":null}},"8":{"start":{"line":102,"column":8},"end":{"line":102,"column":null}},"9":{"start":{"line":104,"column":8},"end":{"line":104,"column":null}},"10":{"start":{"line":109,"column":14},"end":{"line":109,"column":27}},"11":{"start":{"line":110,"column":4},"end":{"line":110,"column":null}},"12":{"start":{"line":111,"column":4},"end":{"line":113,"column":null}},"13":{"start":{"line":112,"column":8},"end":{"line":112,"column":null}},"14":{"start":{"line":119,"column":4},"end":{"line":130,"column":null}},"15":{"start":{"line":120,"column":20},"end":{"line":120,"column":67}},"16":{"start":{"line":121,"column":8},"end":{"line":126,"column":null}},"17":{"start":{"line":122,"column":12},"end":{"line":122,"column":null}},"18":{"start":{"line":122,"column":51},"end":{"line":122,"column":null}},"19":{"start":{"line":123,"column":12},"end":{"line":123,"column":null}},"20":{"start":{"line":123,"column":51},"end":{"line":123,"column":null}},"21":{"start":{"line":124,"column":12},"end":{"line":124,"column":null}},"22":{"start":{"line":124,"column":51},"end":{"line":124,"column":null}},"23":{"start":{"line":125,"column":12},"end":{"line":125,"column":null}},"24":{"start":{"line":127,"column":8},"end":{"line":127,"column":null}},"25":{"start":{"line":129,"column":8},"end":{"line":129,"column":null}},"26":{"start":{"line":134,"column":16},"end":{"line":134,"column":30}},"27":{"start":{"line":135,"column":4},"end":{"line":140,"column":null}},"28":{"start":{"line":136,"column":8},"end":{"line":136,"column":null}},"29":{"start":{"line":137,"column":8},"end":{"line":139,"column":null}},"30":{"start":{"line":138,"column":12},"end":{"line":138,"column":null}},"31":{"start":{"line":144,"column":4},"end":{"line":154,"column":null}},"32":{"start":{"line":145,"column":8},"end":{"line":151,"column":null}},"33":{"start":{"line":153,"column":8},"end":{"line":153,"column":null}},"34":{"start":{"line":158,"column":18},"end":{"line":158,"column":32}},"35":{"start":{"line":159,"column":4},"end":{"line":159,"column":null}},"36":{"start":{"line":160,"column":4},"end":{"line":162,"column":null}},"37":{"start":{"line":161,"column":8},"end":{"line":161,"column":null}}},"fnMap":{"0":{"name":"getSpellingUnlocked","decl":{"start":{"line":91,"column":16},"end":{"line":91,"column":35}},"loc":{"start":{"line":91,"column":45},"end":{"line":94,"column":null}},"line":91},"1":{"name":"getProgress","decl":{"start":{"line":100,"column":16},"end":{"line":100,"column":27}},"loc":{"start":{"line":100,"column":30},"end":{"line":106,"column":null}},"line":100},"2":{"name":"saveProgress","decl":{"start":{"line":108,"column":16},"end":{"line":108,"column":28}},"loc":{"start":{"line":108,"column":38},"end":{"line":114,"column":null}},"line":108},"3":{"name":"getInventory","decl":{"start":{"line":118,"column":16},"end":{"line":118,"column":28}},"loc":{"start":{"line":118,"column":31},"end":{"line":131,"column":null}},"line":118},"4":{"name":"addToInventory","decl":{"start":{"line":133,"column":16},"end":{"line":133,"column":30}},"loc":{"start":{"line":133,"column":39},"end":{"line":141,"column":null}},"line":133},"5":{"name":"getEquipment","decl":{"start":{"line":143,"column":16},"end":{"line":143,"column":28}},"loc":{"start":{"line":143,"column":31},"end":{"line":155,"column":null}},"line":143},"6":{"name":"setEquipment","decl":{"start":{"line":157,"column":16},"end":{"line":157,"column":28}},"loc":{"start":{"line":157,"column":47},"end":{"line":163,"column":null}},"line":157}},"branchMap":{"0":{"loc":{"start":{"line":92,"column":4},"end":{"line":92,"column":null}},"type":"if","locations":[{"start":{"line":92,"column":4},"end":{"line":92,"column":null}},{"start":{},"end":{}}],"line":92},"1":{"loc":{"start":{"line":102,"column":15},"end":{"line":102,"column":63}},"type":"binary-expr","locations":[{"start":{"line":102,"column":15},"end":{"line":102,"column":57}},{"start":{"line":102,"column":61},"end":{"line":102,"column":63}}],"line":102},"2":{"loc":{"start":{"line":121,"column":8},"end":{"line":126,"column":null}},"type":"if","locations":[{"start":{"line":121,"column":8},"end":{"line":126,"column":null}},{"start":{},"end":{}}],"line":121},"3":{"loc":{"start":{"line":121,"column":12},"end":{"line":121,"column":37}},"type":"binary-expr","locations":[{"start":{"line":121,"column":12},"end":{"line":121,"column":15}},{"start":{"line":121,"column":19},"end":{"line":121,"column":37}}],"line":121},"4":{"loc":{"start":{"line":122,"column":12},"end":{"line":122,"column":null}},"type":"if","locations":[{"start":{"line":122,"column":12},"end":{"line":122,"column":null}},{"start":{},"end":{}}],"line":122},"5":{"loc":{"start":{"line":123,"column":12},"end":{"line":123,"column":null}},"type":"if","locations":[{"start":{"line":123,"column":12},"end":{"line":123,"column":null}},{"start":{},"end":{}}],"line":123},"6":{"loc":{"start":{"line":124,"column":12},"end":{"line":124,"column":null}},"type":"if","locations":[{"start":{"line":124,"column":12},"end":{"line":124,"column":null}},{"start":{},"end":{}}],"line":124},"7":{"loc":{"start":{"line":135,"column":4},"end":{"line":140,"column":null}},"type":"if","locations":[{"start":{"line":135,"column":4},"end":{"line":140,"column":null}},{"start":{},"end":{}}],"line":135},"8":{"loc":{"start":{"line":145,"column":15},"end":{"line":151,"column":9}},"type":"binary-expr","locations":[{"start":{"line":145,"column":15},"end":{"line":145,"column":58}},{"start":{"line":145,"column":62},"end":{"line":151,"column":9}}],"line":145}},"s":{"0":2,"1":9,"2":6,"3":3,"4":2,"5":2,"6":2,"7":12,"8":12,"9":1,"10":5,"11":5,"12":5,"13":5,"14":104,"15":104,"16":104,"17":48,"18":1,"19":48,"20":1,"21":48,"22":2,"23":48,"24":55,"25":1,"26":50,"27":50,"28":49,"29":49,"30":49,"31":6,"32":6,"33":1,"34":2,"35":2,"36":2,"37":2},"f":{"0":9,"1":12,"2":5,"3":104,"4":50,"5":6,"6":2},"b":{"0":[6,3],"1":[12,6],"2":[48,56],"3":[104,48],"4":[1,47],"5":[1,47],"6":[2,46],"7":[49,1],"8":[6,3]},"meta":{"lastBranch":9,"lastFunction":7,"lastStatement":38,"seen":{"s:5:22:89:1":0,"f:91:16:91:35":0,"b:92:4:92:Infinity:undefined:undefined:undefined:undefined":0,"s:92:4:92:Infinity":1,"s:92:22:92:Infinity":2,"s:93:4:93:Infinity":3,"s:96:17:96:34":4,"s:97:22:97:40":5,"s:98:18:98:36":6,"f:100:16:100:27":1,"s:101:4:105:Infinity":7,"s:102:8:102:Infinity":8,"b:102:15:102:57:102:61:102:63":1,"s:104:8:104:Infinity":9,"f:108:16:108:28":2,"s:109:14:109:27":10,"s:110:4:110:Infinity":11,"s:111:4:113:Infinity":12,"s:112:8:112:Infinity":13,"f:118:16:118:28":3,"s:119:4:130:Infinity":14,"s:120:20:120:67":15,"b:121:8:126:Infinity:undefined:undefined:undefined:undefined":2,"s:121:8:126:Infinity":16,"b:121:12:121:15:121:19:121:37":3,"b:122:12:122:Infinity:undefined:undefined:undefined:undefined":4,"s:122:12:122:Infinity":17,"s:122:51:122:Infinity":18,"b:123:12:123:Infinity:undefined:undefined:undefined:undefined":5,"s:123:12:123:Infinity":19,"s:123:51:123:Infinity":20,"b:124:12:124:Infinity:undefined:undefined:undefined:undefined":6,"s:124:12:124:Infinity":21,"s:124:51:124:Infinity":22,"s:125:12:125:Infinity":23,"s:127:8:127:Infinity":24,"s:129:8:129:Infinity":25,"f:133:16:133:30":4,"s:134:16:134:30":26,"b:135:4:140:Infinity:undefined:undefined:undefined:undefined":7,"s:135:4:140:Infinity":27,"s:136:8:136:Infinity":28,"s:137:8:139:Infinity":29,"s:138:12:138:Infinity":30,"f:143:16:143:28":5,"s:144:4:154:Infinity":31,"s:145:8:151:Infinity":32,"b:145:15:145:58:145:62:151:9":8,"s:153:8:153:Infinity":33,"f:157:16:157:28":6,"s:158:18:158:32":34,"s:159:4:159:Infinity":35,"s:160:4:162:Infinity":36,"s:161:8:161:Infinity":37}}}
,"C:\\workspace\\jojo-game\\src\\game\\data\\MapData.js": {"path":"C:\\workspace\\jojo-game\\src\\game\\data\\MapData.js","statementMap":{"0":{"start":{"line":1,"column":25},"end":{"line":1,"column":27}},"1":{"start":{"line":2,"column":25},"end":{"line":2,"column":27}},"2":{"start":{"line":3,"column":25},"end":{"line":3,"column":27}},"3":{"start":{"line":5,"column":20},"end":{"line":5,"column":69}},"4":{"start":{"line":9,"column":26},"end":{"line":289,"column":1}},"5":{"start":{"line":292,"column":30},"end":{"line":292,"column":48}},"6":{"start":{"line":293,"column":30},"end":{"line":293,"column":57}},"7":{"start":{"line":294,"column":30},"end":{"line":294,"column":55}},"8":{"start":{"line":295,"column":30},"end":{"line":295,"column":52}},"9":{"start":{"line":298,"column":4},"end":{"line":298,"column":null}},"10":{"start":{"line":298,"column":55},"end":{"line":298,"column":63}},"11":{"start":{"line":302,"column":4},"end":{"line":302,"column":null}}},"fnMap":{"0":{"name":"createGrid","decl":{"start":{"line":297,"column":16},"end":{"line":297,"column":26}},"loc":{"start":{"line":297,"column":43},"end":{"line":299,"column":null}},"line":297},"1":{"name":"(anonymous_1)","decl":{"start":{"line":298,"column":48},"end":{"line":298,"column":51}},"loc":{"start":{"line":298,"column":55},"end":{"line":298,"column":63}},"line":298},"2":{"name":"tileToPx","decl":{"start":{"line":301,"column":16},"end":{"line":301,"column":24}},"loc":{"start":{"line":301,"column":35},"end":{"line":303,"column":null}},"line":301}},"branchMap":{"0":{"loc":{"start":{"line":297,"column":27},"end":{"line":297,"column":41}},"type":"default-arg","locations":[{"start":{"line":297,"column":40},"end":{"line":297,"column":41}}],"line":297},"1":{"loc":{"start":{"line":298,"column":22},"end":{"line":298,"column":37}},"type":"binary-expr","locations":[{"start":{"line":298,"column":22},"end":{"line":298,"column":32}},{"start":{"line":298,"column":36},"end":{"line":298,"column":37}}],"line":298}},"s":{"0":1,"1":1,"2":1,"3":1,"4":1,"5":1,"6":1,"7":1,"8":1,"9":3,"10":36,"11":4},"f":{"0":3,"1":36,"2":4},"b":{"0":[3],"1":[3,0]},"meta":{"lastBranch":2,"lastFunction":3,"lastStatement":12,"seen":{"s:1:25:1:27":0,"s:2:25:2:27":1,"s:3:25:3:27":2,"s:5:20:5:69":3,"s:9:26:289:1":4,"s:292:30:292:48":5,"s:293:30:293:57":6,"s:294:30:294:55":7,"s:295:30:295:52":8,"f:297:16:297:26":0,"b:297:40:297:41":0,"s:298:4:298:Infinity":9,"b:298:22:298:32:298:36:298:37":1,"f:298:48:298:51":1,"s:298:55:298:63":10,"f:301:16:301:24":2,"s:302:4:302:Infinity":11}}}
,"C:\\workspace\\jojo-game\\src\\game\\data\\MathWorldData.js": {"path":"C:\\workspace\\jojo-game\\src\\game\\data\\MathWorldData.js","statementMap":{"0":{"start":{"line":3,"column":27},"end":{"line":104,"column":1}},"1":{"start":{"line":106,"column":22},"end":{"line":106,"column":37}},"2":{"start":{"line":109,"column":4},"end":{"line":113,"column":null}},"3":{"start":{"line":110,"column":8},"end":{"line":110,"column":null}},"4":{"start":{"line":112,"column":8},"end":{"line":112,"column":null}},"5":{"start":{"line":117,"column":14},"end":{"line":117,"column":31}},"6":{"start":{"line":118,"column":4},"end":{"line":118,"column":null}},"7":{"start":{"line":119,"column":4},"end":{"line":121,"column":null}},"8":{"start":{"line":120,"column":8},"end":{"line":120,"column":null}},"9":{"start":{"line":125,"column":4},"end":{"line":125,"column":null}},"10":{"start":{"line":125,"column":40},"end":{"line":125,"column":null}},"11":{"start":{"line":126,"column":4},"end":{"line":126,"column":null}}},"fnMap":{"0":{"name":"getMathProgress","decl":{"start":{"line":108,"column":16},"end":{"line":108,"column":31}},"loc":{"start":{"line":108,"column":34},"end":{"line":114,"column":null}},"line":108},"1":{"name":"saveMathProgress","decl":{"start":{"line":116,"column":16},"end":{"line":116,"column":32}},"loc":{"start":{"line":116,"column":42},"end":{"line":122,"column":null}},"line":116},"2":{"name":"getMathUnlocked","decl":{"start":{"line":124,"column":16},"end":{"line":124,"column":31}},"loc":{"start":{"line":124,"column":41},"end":{"line":127,"column":null}},"line":124}},"branchMap":{"0":{"loc":{"start":{"line":110,"column":15},"end":{"line":110,"column":68}},"type":"binary-expr","locations":[{"start":{"line":110,"column":15},"end":{"line":110,"column":62}},{"start":{"line":110,"column":66},"end":{"line":110,"column":68}}],"line":110},"1":{"loc":{"start":{"line":125,"column":4},"end":{"line":125,"column":null}},"type":"if","locations":[{"start":{"line":125,"column":4},"end":{"line":125,"column":null}},{"start":{},"end":{}}],"line":125},"2":{"loc":{"start":{"line":125,"column":8},"end":{"line":125,"column":38}},"type":"binary-expr","locations":[{"start":{"line":125,"column":8},"end":{"line":125,"column":21}},{"start":{"line":125,"column":25},"end":{"line":125,"column":38}}],"line":125}},"s":{"0":1,"1":1,"2":19,"3":19,"4":1,"5":7,"6":7,"7":7,"8":7,"9":10,"10":2,"11":8},"f":{"0":19,"1":7,"2":10},"b":{"0":[19,11],"1":[2,8],"2":[10,9]},"meta":{"lastBranch":3,"lastFunction":3,"lastStatement":12,"seen":{"s:3:27:104:1":0,"s:106:22:106:37":1,"f:108:16:108:31":0,"s:109:4:113:Infinity":2,"s:110:8:110:Infinity":3,"b:110:15:110:62:110:66:110:68":0,"s:112:8:112:Infinity":4,"f:116:16:116:32":1,"s:117:14:117:31":5,"s:118:4:118:Infinity":6,"s:119:4:121:Infinity":7,"s:120:8:120:Infinity":8,"f:124:16:124:31":2,"b:125:4:125:Infinity:undefined:undefined:undefined:undefined":1,"s:125:4:125:Infinity":9,"b:125:8:125:21:125:25:125:38":2,"s:125:40:125:Infinity":10,"s:126:4:126:Infinity":11}}}
,"C:\\workspace\\jojo-game\\src\\game\\data\\MemoryData.js": {"path":"C:\\workspace\\jojo-game\\src\\game\\data\\MemoryData.js","statementMap":{"0":{"start":{"line":1,"column":17},"end":{"line":1,"column":41}},"1":{"start":{"line":4,"column":29},"end":{"line":17,"column":1}},"2":{"start":{"line":20,"column":4},"end":{"line":24,"column":null}},"3":{"start":{"line":21,"column":8},"end":{"line":21,"column":null}},"4":{"start":{"line":23,"column":8},"end":{"line":23,"column":null}},"5":{"start":{"line":28,"column":14},"end":{"line":28,"column":33}},"6":{"start":{"line":29,"column":4},"end":{"line":29,"column":null}},"7":{"start":{"line":30,"column":4},"end":{"line":32,"column":null}},"8":{"start":{"line":31,"column":8},"end":{"line":31,"column":null}},"9":{"start":{"line":36,"column":4},"end":{"line":36,"column":null}},"10":{"start":{"line":36,"column":23},"end":{"line":36,"column":null}},"11":{"start":{"line":37,"column":4},"end":{"line":37,"column":null}}},"fnMap":{"0":{"name":"getMemoryProgress","decl":{"start":{"line":19,"column":16},"end":{"line":19,"column":33}},"loc":{"start":{"line":19,"column":36},"end":{"line":25,"column":null}},"line":19},"1":{"name":"saveMemoryProgress","decl":{"start":{"line":27,"column":16},"end":{"line":27,"column":34}},"loc":{"start":{"line":27,"column":44},"end":{"line":33,"column":null}},"line":27},"2":{"name":"isMemoryUnlocked","decl":{"start":{"line":35,"column":16},"end":{"line":35,"column":32}},"loc":{"start":{"line":35,"column":42},"end":{"line":38,"column":null}},"line":35}},"branchMap":{"0":{"loc":{"start":{"line":21,"column":15},"end":{"line":21,"column":63}},"type":"binary-expr","locations":[{"start":{"line":21,"column":15},"end":{"line":21,"column":57}},{"start":{"line":21,"column":61},"end":{"line":21,"column":63}}],"line":21},"1":{"loc":{"start":{"line":36,"column":4},"end":{"line":36,"column":null}},"type":"if","locations":[{"start":{"line":36,"column":4},"end":{"line":36,"column":null}},{"start":{},"end":{}}],"line":36}},"s":{"0":1,"1":1,"2":16,"3":16,"4":1,"5":6,"6":6,"7":6,"8":6,"9":7,"10":1,"11":6},"f":{"0":16,"1":6,"2":7},"b":{"0":[16,9],"1":[1,6]},"meta":{"lastBranch":2,"lastFunction":3,"lastStatement":12,"seen":{"s:1:17:1:41":0,"s:4:29:17:1":1,"f:19:16:19:33":0,"s:20:4:24:Infinity":2,"s:21:8:21:Infinity":3,"b:21:15:21:57:21:61:21:63":0,"s:23:8:23:Infinity":4,"f:27:16:27:34":1,"s:28:14:28:33":5,"s:29:4:29:Infinity":6,"s:30:4:32:Infinity":7,"s:31:8:31:Infinity":8,"f:35:16:35:32":2,"b:36:4:36:Infinity:undefined:undefined:undefined:undefined":1,"s:36:4:36:Infinity":9,"s:36:23:36:Infinity":10,"s:37:4:37:Infinity":11}}}
,"C:\\workspace\\jojo-game\\src\\game\\data\\WordData.js": {"path":"C:\\workspace\\jojo-game\\src\\game\\data\\WordData.js","statementMap":{"0":{"start":{"line":8,"column":4},"end":{"line":8,"column":null}},"1":{"start":{"line":9,"column":4},"end":{"line":9,"column":23}},"2":{"start":{"line":9,"column":24},"end":{"line":9,"column":43}},"3":{"start":{"line":9,"column":44},"end":{"line":9,"column":null}},"4":{"start":{"line":10,"column":4},"end":{"line":10,"column":20}},"5":{"start":{"line":10,"column":21},"end":{"line":10,"column":null}},"6":{"start":{"line":13,"column":22},"end":{"line":1138,"column":1}},"7":{"start":{"line":22,"column":12},"end":{"line":22,"column":null}},"8":{"start":{"line":23,"column":12},"end":{"line":23,"column":null}},"9":{"start":{"line":24,"column":12},"end":{"line":24,"column":null}},"10":{"start":{"line":25,"column":12},"end":{"line":25,"column":null}},"11":{"start":{"line":26,"column":12},"end":{"line":26,"column":null}},"12":{"start":{"line":27,"column":12},"end":{"line":27,"column":39}},"13":{"start":{"line":27,"column":40},"end":{"line":27,"column":null}},"14":{"start":{"line":28,"column":12},"end":{"line":28,"column":39}},"15":{"start":{"line":28,"column":40},"end":{"line":28,"column":null}},"16":{"start":{"line":29,"column":12},"end":{"line":29,"column":39}},"17":{"start":{"line":29,"column":40},"end":{"line":29,"column":null}},"18":{"start":{"line":31,"column":12},"end":{"line":31,"column":null}},"19":{"start":{"line":32,"column":12},"end":{"line":32,"column":null}},"20":{"start":{"line":34,"column":12},"end":{"line":34,"column":null}},"21":{"start":{"line":35,"column":12},"end":{"line":35,"column":null}},"22":{"start":{"line":36,"column":12},"end":{"line":36,"column":null}},"23":{"start":{"line":38,"column":12},"end":{"line":38,"column":null}},"24":{"start":{"line":39,"column":12},"end":{"line":39,"column":null}},"25":{"start":{"line":41,"column":12},"end":{"line":41,"column":null}},"26":{"start":{"line":42,"column":12},"end":{"line":42,"column":null}},"27":{"start":{"line":44,"column":12},"end":{"line":44,"column":null}},"28":{"start":{"line":45,"column":12},"end":{"line":45,"column":null}},"29":{"start":{"line":54,"column":12},"end":{"line":54,"column":null}},"30":{"start":{"line":55,"column":12},"end":{"line":55,"column":null}},"31":{"start":{"line":56,"column":12},"end":{"line":56,"column":null}},"32":{"start":{"line":57,"column":12},"end":{"line":57,"column":null}},"33":{"start":{"line":58,"column":12},"end":{"line":58,"column":null}},"34":{"start":{"line":59,"column":12},"end":{"line":59,"column":null}},"35":{"start":{"line":60,"column":12},"end":{"line":60,"column":null}},"36":{"start":{"line":61,"column":12},"end":{"line":61,"column":null}},"37":{"start":{"line":62,"column":12},"end":{"line":62,"column":null}},"38":{"start":{"line":63,"column":12},"end":{"line":63,"column":54}},"39":{"start":{"line":63,"column":55},"end":{"line":63,"column":null}},"40":{"start":{"line":64,"column":12},"end":{"line":64,"column":null}},"41":{"start":{"line":65,"column":12},"end":{"line":65,"column":55}},"42":{"start":{"line":65,"column":56},"end":{"line":65,"column":null}},"43":{"start":{"line":66,"column":12},"end":{"line":66,"column":null}},"44":{"start":{"line":67,"column":12},"end":{"line":67,"column":null}},"45":{"start":{"line":68,"column":12},"end":{"line":68,"column":null}},"46":{"start":{"line":69,"column":12},"end":{"line":72,"column":null}},"47":{"start":{"line":70,"column":16},"end":{"line":70,"column":32}},"48":{"start":{"line":70,"column":33},"end":{"line":70,"column":63}},"49":{"start":{"line":70,"column":64},"end":{"line":70,"column":94}},"50":{"start":{"line":70,"column":95},"end":{"line":70,"column":null}},"51":{"start":{"line":71,"column":16},"end":{"line":71,"column":32}},"52":{"start":{"line":71,"column":33},"end":{"line":71,"column":63}},"53":{"start":{"line":71,"column":64},"end":{"line":71,"column":94}},"54":{"start":{"line":71,"column":95},"end":{"line":71,"column":null}},"55":{"start":{"line":81,"column":12},"end":{"line":81,"column":null}},"56":{"start":{"line":82,"column":12},"end":{"line":82,"column":null}},"57":{"start":{"line":83,"column":12},"end":{"line":83,"column":null}},"58":{"start":{"line":84,"column":12},"end":{"line":84,"column":null}},"59":{"start":{"line":85,"column":12},"end":{"line":85,"column":null}},"60":{"start":{"line":86,"column":12},"end":{"line":86,"column":null}},"61":{"start":{"line":87,"column":12},"end":{"line":89,"column":null}},"62":{"start":{"line":88,"column":16},"end":{"line":88,"column":32}},"63":{"start":{"line":88,"column":33},"end":{"line":88,"column":63}},"64":{"start":{"line":88,"column":64},"end":{"line":88,"column":94}},"65":{"start":{"line":88,"column":95},"end":{"line":88,"column":null}},"66":{"start":{"line":90,"column":12},"end":{"line":90,"column":null}},"67":{"start":{"line":91,"column":12},"end":{"line":91,"column":null}},"68":{"start":{"line":92,"column":12},"end":{"line":92,"column":null}},"69":{"start":{"line":93,"column":12},"end":{"line":93,"column":null}},"70":{"start":{"line":94,"column":12},"end":{"line":94,"column":null}},"71":{"start":{"line":103,"column":12},"end":{"line":103,"column":null}},"72":{"start":{"line":104,"column":12},"end":{"line":104,"column":null}},"73":{"start":{"line":105,"column":12},"end":{"line":105,"column":null}},"74":{"start":{"line":106,"column":12},"end":{"line":106,"column":54}},"75":{"start":{"line":106,"column":55},"end":{"line":106,"column":null}},"76":{"start":{"line":107,"column":12},"end":{"line":107,"column":null}},"77":{"start":{"line":108,"column":12},"end":{"line":108,"column":55}},"78":{"start":{"line":108,"column":56},"end":{"line":108,"column":null}},"79":{"start":{"line":109,"column":12},"end":{"line":109,"column":39}},"80":{"start":{"line":109,"column":40},"end":{"line":109,"column":null}},"81":{"start":{"line":110,"column":12},"end":{"line":110,"column":39}},"82":{"start":{"line":110,"column":40},"end":{"line":110,"column":null}},"83":{"start":{"line":111,"column":12},"end":{"line":111,"column":54}},"84":{"start":{"line":111,"column":55},"end":{"line":111,"column":null}},"85":{"start":{"line":112,"column":12},"end":{"line":112,"column":null}},"86":{"start":{"line":113,"column":12},"end":{"line":113,"column":56}},"87":{"start":{"line":113,"column":57},"end":{"line":113,"column":null}},"88":{"start":{"line":122,"column":12},"end":{"line":122,"column":39}},"89":{"start":{"line":122,"column":40},"end":{"line":122,"column":null}},"90":{"start":{"line":123,"column":12},"end":{"line":123,"column":39}},"91":{"start":{"line":123,"column":40},"end":{"line":123,"column":null}},"92":{"start":{"line":124,"column":12},"end":{"line":124,"column":39}},"93":{"start":{"line":124,"column":40},"end":{"line":124,"column":null}},"94":{"start":{"line":125,"column":12},"end":{"line":125,"column":null}},"95":{"start":{"line":126,"column":12},"end":{"line":126,"column":null}},"96":{"start":{"line":127,"column":12},"end":{"line":127,"column":null}},"97":{"start":{"line":128,"column":12},"end":{"line":128,"column":null}},"98":{"start":{"line":129,"column":12},"end":{"line":129,"column":null}},"99":{"start":{"line":139,"column":12},"end":{"line":139,"column":39}},"100":{"start":{"line":139,"column":40},"end":{"line":139,"column":null}},"101":{"start":{"line":140,"column":12},"end":{"line":140,"column":39}},"102":{"start":{"line":140,"column":40},"end":{"line":140,"column":null}},"103":{"start":{"line":141,"column":12},"end":{"line":141,"column":39}},"104":{"start":{"line":141,"column":40},"end":{"line":141,"column":null}},"105":{"start":{"line":142,"column":12},"end":{"line":142,"column":39}},"106":{"start":{"line":142,"column":40},"end":{"line":142,"column":null}},"107":{"start":{"line":143,"column":12},"end":{"line":143,"column":null}},"108":{"start":{"line":144,"column":12},"end":{"line":144,"column":null}},"109":{"start":{"line":145,"column":12},"end":{"line":145,"column":null}},"110":{"start":{"line":146,"column":12},"end":{"line":146,"column":null}},"111":{"start":{"line":147,"column":12},"end":{"line":147,"column":null}},"112":{"start":{"line":148,"column":12},"end":{"line":148,"column":null}},"113":{"start":{"line":149,"column":12},"end":{"line":149,"column":null}},"114":{"start":{"line":150,"column":12},"end":{"line":150,"column":null}},"115":{"start":{"line":151,"column":12},"end":{"line":151,"column":39}},"116":{"start":{"line":151,"column":40},"end":{"line":151,"column":null}},"117":{"start":{"line":152,"column":12},"end":{"line":152,"column":null}},"118":{"start":{"line":153,"column":12},"end":{"line":153,"column":28}},"119":{"start":{"line":153,"column":29},"end":{"line":153,"column":61}},"120":{"start":{"line":153,"column":62},"end":{"line":153,"column":94}},"121":{"start":{"line":153,"column":95},"end":{"line":153,"column":null}},"122":{"start":{"line":154,"column":12},"end":{"line":154,"column":28}},"123":{"start":{"line":154,"column":29},"end":{"line":154,"column":61}},"124":{"start":{"line":154,"column":62},"end":{"line":154,"column":94}},"125":{"start":{"line":154,"column":95},"end":{"line":154,"column":null}},"126":{"start":{"line":163,"column":12},"end":{"line":163,"column":39}},"127":{"start":{"line":163,"column":40},"end":{"line":163,"column":null}},"128":{"start":{"line":164,"column":12},"end":{"line":164,"column":null}},"129":{"start":{"line":165,"column":12},"end":{"line":165,"column":null}},"130":{"start":{"line":166,"column":12},"end":{"line":166,"column":null}},"131":{"start":{"line":167,"column":12},"end":{"line":167,"column":null}},"132":{"start":{"line":168,"column":12},"end":{"line":168,"column":39}},"133":{"start":{"line":168,"column":40},"end":{"line":168,"column":null}},"134":{"start":{"line":169,"column":12},"end":{"line":169,"column":null}},"135":{"start":{"line":170,"column":12},"end":{"line":170,"column":28}},"136":{"start":{"line":170,"column":29},"end":{"line":170,"column":77}},"137":{"start":{"line":170,"column":78},"end":{"line":170,"column":null}},"138":{"start":{"line":171,"column":12},"end":{"line":171,"column":null}},"139":{"start":{"line":172,"column":12},"end":{"line":172,"column":null}},"140":{"start":{"line":173,"column":12},"end":{"line":173,"column":null}},"141":{"start":{"line":174,"column":12},"end":{"line":174,"column":41}},"142":{"start":{"line":174,"column":42},"end":{"line":174,"column":null}},"143":{"start":{"line":183,"column":12},"end":{"line":183,"column":39}},"144":{"start":{"line":183,"column":40},"end":{"line":183,"column":null}},"145":{"start":{"line":184,"column":12},"end":{"line":184,"column":39}},"146":{"start":{"line":184,"column":40},"end":{"line":184,"column":null}},"147":{"start":{"line":185,"column":12},"end":{"line":185,"column":39}},"148":{"start":{"line":185,"column":40},"end":{"line":185,"column":null}},"149":{"start":{"line":186,"column":12},"end":{"line":186,"column":39}},"150":{"start":{"line":186,"column":40},"end":{"line":186,"column":null}},"151":{"start":{"line":187,"column":12},"end":{"line":187,"column":39}},"152":{"start":{"line":187,"column":40},"end":{"line":187,"column":null}},"153":{"start":{"line":188,"column":12},"end":{"line":188,"column":null}},"154":{"start":{"line":189,"column":12},"end":{"line":189,"column":53}},"155":{"start":{"line":189,"column":54},"end":{"line":189,"column":null}},"156":{"start":{"line":190,"column":12},"end":{"line":190,"column":null}},"157":{"start":{"line":191,"column":12},"end":{"line":191,"column":54}},"158":{"start":{"line":191,"column":55},"end":{"line":191,"column":null}},"159":{"start":{"line":192,"column":12},"end":{"line":192,"column":null}},"160":{"start":{"line":193,"column":12},"end":{"line":193,"column":28}},"161":{"start":{"line":193,"column":29},"end":{"line":193,"column":78}},"162":{"start":{"line":193,"column":79},"end":{"line":193,"column":null}},"163":{"start":{"line":194,"column":12},"end":{"line":194,"column":39}},"164":{"start":{"line":194,"column":40},"end":{"line":194,"column":null}},"165":{"start":{"line":203,"column":12},"end":{"line":203,"column":39}},"166":{"start":{"line":203,"column":40},"end":{"line":203,"column":null}},"167":{"start":{"line":204,"column":12},"end":{"line":204,"column":null}},"168":{"start":{"line":205,"column":12},"end":{"line":205,"column":null}},"169":{"start":{"line":206,"column":12},"end":{"line":206,"column":null}},"170":{"start":{"line":207,"column":12},"end":{"line":207,"column":null}},"171":{"start":{"line":208,"column":12},"end":{"line":208,"column":null}},"172":{"start":{"line":209,"column":12},"end":{"line":209,"column":null}},"173":{"start":{"line":210,"column":12},"end":{"line":210,"column":null}},"174":{"start":{"line":211,"column":12},"end":{"line":211,"column":39}},"175":{"start":{"line":211,"column":40},"end":{"line":211,"column":null}},"176":{"start":{"line":212,"column":12},"end":{"line":212,"column":39}},"177":{"start":{"line":212,"column":40},"end":{"line":212,"column":null}},"178":{"start":{"line":213,"column":12},"end":{"line":213,"column":null}},"179":{"start":{"line":214,"column":12},"end":{"line":214,"column":55}},"180":{"start":{"line":214,"column":56},"end":{"line":214,"column":null}},"181":{"start":{"line":215,"column":12},"end":{"line":215,"column":null}},"182":{"start":{"line":216,"column":12},"end":{"line":216,"column":55}},"183":{"start":{"line":216,"column":56},"end":{"line":216,"column":null}},"184":{"start":{"line":217,"column":12},"end":{"line":217,"column":null}},"185":{"start":{"line":218,"column":12},"end":{"line":218,"column":28}},"186":{"start":{"line":218,"column":29},"end":{"line":218,"column":78}},"187":{"start":{"line":218,"column":79},"end":{"line":218,"column":null}},"188":{"start":{"line":227,"column":12},"end":{"line":227,"column":39}},"189":{"start":{"line":227,"column":40},"end":{"line":227,"column":null}},"190":{"start":{"line":228,"column":12},"end":{"line":228,"column":39}},"191":{"start":{"line":228,"column":40},"end":{"line":228,"column":null}},"192":{"start":{"line":229,"column":12},"end":{"line":229,"column":null}},"193":{"start":{"line":230,"column":12},"end":{"line":230,"column":null}},"194":{"start":{"line":231,"column":12},"end":{"line":231,"column":null}},"195":{"start":{"line":232,"column":12},"end":{"line":232,"column":null}},"196":{"start":{"line":233,"column":12},"end":{"line":233,"column":28}},"197":{"start":{"line":233,"column":29},"end":{"line":233,"column":60}},"198":{"start":{"line":233,"column":61},"end":{"line":233,"column":93}},"199":{"start":{"line":233,"column":94},"end":{"line":233,"column":null}},"200":{"start":{"line":234,"column":12},"end":{"line":234,"column":28}},"201":{"start":{"line":234,"column":29},"end":{"line":234,"column":61}},"202":{"start":{"line":234,"column":62},"end":{"line":234,"column":93}},"203":{"start":{"line":234,"column":94},"end":{"line":234,"column":null}},"204":{"start":{"line":235,"column":12},"end":{"line":235,"column":28}},"205":{"start":{"line":235,"column":29},"end":{"line":235,"column":60}},"206":{"start":{"line":235,"column":61},"end":{"line":235,"column":93}},"207":{"start":{"line":235,"column":94},"end":{"line":235,"column":null}},"208":{"start":{"line":236,"column":12},"end":{"line":236,"column":28}},"209":{"start":{"line":236,"column":29},"end":{"line":236,"column":61}},"210":{"start":{"line":236,"column":62},"end":{"line":236,"column":93}},"211":{"start":{"line":236,"column":94},"end":{"line":236,"column":null}},"212":{"start":{"line":237,"column":12},"end":{"line":237,"column":null}},"213":{"start":{"line":238,"column":12},"end":{"line":238,"column":55}},"214":{"start":{"line":238,"column":56},"end":{"line":238,"column":null}},"215":{"start":{"line":239,"column":12},"end":{"line":239,"column":null}},"216":{"start":{"line":240,"column":12},"end":{"line":242,"column":null}},"217":{"start":{"line":241,"column":16},"end":{"line":241,"column":32}},"218":{"start":{"line":241,"column":33},"end":{"line":241,"column":62}},"219":{"start":{"line":241,"column":63},"end":{"line":241,"column":93}},"220":{"start":{"line":241,"column":94},"end":{"line":241,"column":null}},"221":{"start":{"line":252,"column":12},"end":{"line":252,"column":39}},"222":{"start":{"line":252,"column":40},"end":{"line":252,"column":null}},"223":{"start":{"line":253,"column":12},"end":{"line":253,"column":null}},"224":{"start":{"line":254,"column":12},"end":{"line":259,"column":null}},"225":{"start":{"line":255,"column":16},"end":{"line":255,"column":null}},"226":{"start":{"line":256,"column":16},"end":{"line":256,"column":null}},"227":{"start":{"line":257,"column":16},"end":{"line":257,"column":null}},"228":{"start":{"line":258,"column":16},"end":{"line":258,"column":null}},"229":{"start":{"line":260,"column":12},"end":{"line":260,"column":null}},"230":{"start":{"line":261,"column":12},"end":{"line":261,"column":null}},"231":{"start":{"line":262,"column":12},"end":{"line":262,"column":null}},"232":{"start":{"line":263,"column":12},"end":{"line":263,"column":null}},"233":{"start":{"line":264,"column":12},"end":{"line":264,"column":null}},"234":{"start":{"line":265,"column":12},"end":{"line":265,"column":null}},"235":{"start":{"line":266,"column":12},"end":{"line":266,"column":28}},"236":{"start":{"line":266,"column":29},"end":{"line":266,"column":null}},"237":{"start":{"line":275,"column":12},"end":{"line":275,"column":39}},"238":{"start":{"line":275,"column":40},"end":{"line":275,"column":null}},"239":{"start":{"line":276,"column":26},"end":{"line":276,"column":52}},"240":{"start":{"line":277,"column":12},"end":{"line":286,"column":null}},"241":{"start":{"line":278,"column":30},"end":{"line":278,"column":50}},"242":{"start":{"line":279,"column":30},"end":{"line":279,"column":40}},"243":{"start":{"line":280,"column":16},"end":{"line":280,"column":null}},"244":{"start":{"line":281,"column":16},"end":{"line":281,"column":null}},"245":{"start":{"line":282,"column":16},"end":{"line":282,"column":null}},"246":{"start":{"line":283,"column":16},"end":{"line":283,"column":null}},"247":{"start":{"line":284,"column":16},"end":{"line":284,"column":null}},"248":{"start":{"line":285,"column":16},"end":{"line":285,"column":null}},"249":{"start":{"line":295,"column":12},"end":{"line":295,"column":39}},"250":{"start":{"line":295,"column":40},"end":{"line":295,"column":null}},"251":{"start":{"line":296,"column":12},"end":{"line":296,"column":null}},"252":{"start":{"line":297,"column":12},"end":{"line":297,"column":null}},"253":{"start":{"line":298,"column":12},"end":{"line":298,"column":null}},"254":{"start":{"line":299,"column":12},"end":{"line":299,"column":null}},"255":{"start":{"line":300,"column":12},"end":{"line":300,"column":null}},"256":{"start":{"line":301,"column":12},"end":{"line":301,"column":null}},"257":{"start":{"line":302,"column":12},"end":{"line":302,"column":39}},"258":{"start":{"line":302,"column":40},"end":{"line":302,"column":null}},"259":{"start":{"line":311,"column":12},"end":{"line":311,"column":39}},"260":{"start":{"line":311,"column":40},"end":{"line":311,"column":null}},"261":{"start":{"line":312,"column":12},"end":{"line":312,"column":null}},"262":{"start":{"line":313,"column":12},"end":{"line":319,"column":null}},"263":{"start":{"line":318,"column":16},"end":{"line":318,"column":32}},"264":{"start":{"line":318,"column":33},"end":{"line":318,"column":82}},"265":{"start":{"line":318,"column":83},"end":{"line":318,"column":null}},"266":{"start":{"line":320,"column":12},"end":{"line":320,"column":null}},"267":{"start":{"line":321,"column":12},"end":{"line":321,"column":null}},"268":{"start":{"line":322,"column":12},"end":{"line":322,"column":null}},"269":{"start":{"line":323,"column":12},"end":{"line":323,"column":null}},"270":{"start":{"line":332,"column":12},"end":{"line":332,"column":39}},"271":{"start":{"line":332,"column":40},"end":{"line":332,"column":null}},"272":{"start":{"line":333,"column":12},"end":{"line":333,"column":39}},"273":{"start":{"line":333,"column":40},"end":{"line":333,"column":null}},"274":{"start":{"line":334,"column":12},"end":{"line":334,"column":null}},"275":{"start":{"line":335,"column":12},"end":{"line":342,"column":null}},"276":{"start":{"line":335,"column":23},"end":{"line":335,"column":24}},"277":{"start":{"line":336,"column":26},"end":{"line":336,"column":37}},"278":{"start":{"line":337,"column":25},"end":{"line":337,"column":31}},"279":{"start":{"line":337,"column":36},"end":{"line":337,"column":42}},"280":{"start":{"line":338,"column":16},"end":{"line":338,"column":null}},"281":{"start":{"line":339,"column":16},"end":{"line":339,"column":null}},"282":{"start":{"line":340,"column":16},"end":{"line":340,"column":null}},"283":{"start":{"line":341,"column":16},"end":{"line":341,"column":null}},"284":{"start":{"line":343,"column":12},"end":{"line":343,"column":null}},"285":{"start":{"line":344,"column":12},"end":{"line":344,"column":null}},"286":{"start":{"line":345,"column":12},"end":{"line":345,"column":null}},"287":{"start":{"line":346,"column":12},"end":{"line":346,"column":null}},"288":{"start":{"line":347,"column":12},"end":{"line":347,"column":null}},"289":{"start":{"line":348,"column":12},"end":{"line":348,"column":null}},"290":{"start":{"line":349,"column":12},"end":{"line":349,"column":null}},"291":{"start":{"line":350,"column":12},"end":{"line":350,"column":null}},"292":{"start":{"line":351,"column":12},"end":{"line":351,"column":null}},"293":{"start":{"line":361,"column":12},"end":{"line":361,"column":null}},"294":{"start":{"line":362,"column":12},"end":{"line":362,"column":null}},"295":{"start":{"line":363,"column":12},"end":{"line":363,"column":null}},"296":{"start":{"line":364,"column":12},"end":{"line":364,"column":null}},"297":{"start":{"line":365,"column":12},"end":{"line":365,"column":null}},"298":{"start":{"line":366,"column":12},"end":{"line":371,"column":null}},"299":{"start":{"line":367,"column":16},"end":{"line":367,"column":null}},"300":{"start":{"line":368,"column":16},"end":{"line":368,"column":null}},"301":{"start":{"line":369,"column":16},"end":{"line":369,"column":null}},"302":{"start":{"line":370,"column":16},"end":{"line":370,"column":null}},"303":{"start":{"line":372,"column":12},"end":{"line":372,"column":null}},"304":{"start":{"line":373,"column":12},"end":{"line":373,"column":null}},"305":{"start":{"line":382,"column":12},"end":{"line":382,"column":null}},"306":{"start":{"line":383,"column":12},"end":{"line":383,"column":null}},"307":{"start":{"line":384,"column":12},"end":{"line":384,"column":null}},"308":{"start":{"line":385,"column":12},"end":{"line":385,"column":null}},"309":{"start":{"line":386,"column":12},"end":{"line":386,"column":null}},"310":{"start":{"line":387,"column":12},"end":{"line":387,"column":null}},"311":{"start":{"line":388,"column":12},"end":{"line":388,"column":28}},"312":{"start":{"line":388,"column":29},"end":{"line":388,"column":null}},"313":{"start":{"line":389,"column":12},"end":{"line":389,"column":null}},"314":{"start":{"line":390,"column":12},"end":{"line":390,"column":null}},"315":{"start":{"line":391,"column":12},"end":{"line":391,"column":null}},"316":{"start":{"line":392,"column":12},"end":{"line":392,"column":null}},"317":{"start":{"line":393,"column":12},"end":{"line":393,"column":null}},"318":{"start":{"line":394,"column":12},"end":{"line":394,"column":null}},"319":{"start":{"line":395,"column":12},"end":{"line":395,"column":28}},"320":{"start":{"line":395,"column":29},"end":{"line":395,"column":null}},"321":{"start":{"line":396,"column":12},"end":{"line":396,"column":null}},"322":{"start":{"line":397,"column":12},"end":{"line":397,"column":null}},"323":{"start":{"line":398,"column":12},"end":{"line":398,"column":null}},"324":{"start":{"line":399,"column":12},"end":{"line":399,"column":null}},"325":{"start":{"line":400,"column":12},"end":{"line":400,"column":null}},"326":{"start":{"line":401,"column":12},"end":{"line":401,"column":null}},"327":{"start":{"line":402,"column":12},"end":{"line":402,"column":28}},"328":{"start":{"line":402,"column":29},"end":{"line":402,"column":null}},"329":{"start":{"line":403,"column":12},"end":{"line":403,"column":null}},"330":{"start":{"line":404,"column":12},"end":{"line":404,"column":null}},"331":{"start":{"line":405,"column":12},"end":{"line":405,"column":null}},"332":{"start":{"line":406,"column":12},"end":{"line":406,"column":null}},"333":{"start":{"line":415,"column":12},"end":{"line":415,"column":39}},"334":{"start":{"line":415,"column":40},"end":{"line":415,"column":null}},"335":{"start":{"line":416,"column":12},"end":{"line":416,"column":null}},"336":{"start":{"line":417,"column":12},"end":{"line":417,"column":28}},"337":{"start":{"line":417,"column":29},"end":{"line":417,"column":54}},"338":{"start":{"line":417,"column":55},"end":{"line":417,"column":80}},"339":{"start":{"line":417,"column":81},"end":{"line":417,"column":null}},"340":{"start":{"line":418,"column":12},"end":{"line":418,"column":null}},"341":{"start":{"line":419,"column":12},"end":{"line":419,"column":28}},"342":{"start":{"line":419,"column":29},"end":{"line":419,"column":78}},"343":{"start":{"line":419,"column":79},"end":{"line":419,"column":null}},"344":{"start":{"line":420,"column":12},"end":{"line":420,"column":28}},"345":{"start":{"line":420,"column":29},"end":{"line":420,"column":78}},"346":{"start":{"line":420,"column":79},"end":{"line":420,"column":null}},"347":{"start":{"line":421,"column":12},"end":{"line":421,"column":28}},"348":{"start":{"line":421,"column":29},"end":{"line":421,"column":110}},"349":{"start":{"line":421,"column":111},"end":{"line":421,"column":null}},"350":{"start":{"line":422,"column":12},"end":{"line":422,"column":41}},"351":{"start":{"line":422,"column":42},"end":{"line":422,"column":null}},"352":{"start":{"line":431,"column":12},"end":{"line":431,"column":null}},"353":{"start":{"line":432,"column":12},"end":{"line":432,"column":null}},"354":{"start":{"line":433,"column":12},"end":{"line":433,"column":null}},"355":{"start":{"line":434,"column":12},"end":{"line":434,"column":null}},"356":{"start":{"line":435,"column":12},"end":{"line":435,"column":null}},"357":{"start":{"line":436,"column":12},"end":{"line":436,"column":null}},"358":{"start":{"line":437,"column":12},"end":{"line":437,"column":null}},"359":{"start":{"line":438,"column":12},"end":{"line":438,"column":null}},"360":{"start":{"line":439,"column":12},"end":{"line":439,"column":null}},"361":{"start":{"line":440,"column":12},"end":{"line":440,"column":null}},"362":{"start":{"line":441,"column":12},"end":{"line":441,"column":null}},"363":{"start":{"line":442,"column":12},"end":{"line":442,"column":null}},"364":{"start":{"line":443,"column":12},"end":{"line":443,"column":28}},"365":{"start":{"line":443,"column":29},"end":{"line":443,"column":null}},"366":{"start":{"line":444,"column":12},"end":{"line":444,"column":null}},"367":{"start":{"line":445,"column":12},"end":{"line":445,"column":null}},"368":{"start":{"line":454,"column":12},"end":{"line":454,"column":null}},"369":{"start":{"line":455,"column":12},"end":{"line":455,"column":null}},"370":{"start":{"line":456,"column":12},"end":{"line":456,"column":null}},"371":{"start":{"line":457,"column":12},"end":{"line":457,"column":null}},"372":{"start":{"line":458,"column":12},"end":{"line":458,"column":null}},"373":{"start":{"line":459,"column":12},"end":{"line":459,"column":null}},"374":{"start":{"line":460,"column":12},"end":{"line":460,"column":null}},"375":{"start":{"line":461,"column":12},"end":{"line":461,"column":null}},"376":{"start":{"line":462,"column":12},"end":{"line":462,"column":null}},"377":{"start":{"line":463,"column":12},"end":{"line":463,"column":null}},"378":{"start":{"line":464,"column":12},"end":{"line":464,"column":null}},"379":{"start":{"line":465,"column":12},"end":{"line":465,"column":null}},"380":{"start":{"line":475,"column":23},"end":{"line":475,"column":32}},"381":{"start":{"line":476,"column":12},"end":{"line":476,"column":null}},"382":{"start":{"line":477,"column":12},"end":{"line":477,"column":null}},"383":{"start":{"line":478,"column":12},"end":{"line":478,"column":null}},"384":{"start":{"line":479,"column":12},"end":{"line":479,"column":null}},"385":{"start":{"line":480,"column":12},"end":{"line":480,"column":48}},"386":{"start":{"line":480,"column":49},"end":{"line":480,"column":null}},"387":{"start":{"line":481,"column":12},"end":{"line":481,"column":null}},"388":{"start":{"line":482,"column":12},"end":{"line":482,"column":null}},"389":{"start":{"line":483,"column":12},"end":{"line":483,"column":null}},"390":{"start":{"line":484,"column":12},"end":{"line":484,"column":null}},"391":{"start":{"line":485,"column":12},"end":{"line":485,"column":null}},"392":{"start":{"line":486,"column":12},"end":{"line":486,"column":null}},"393":{"start":{"line":487,"column":12},"end":{"line":487,"column":null}},"394":{"start":{"line":488,"column":12},"end":{"line":488,"column":null}},"395":{"start":{"line":489,"column":12},"end":{"line":489,"column":null}},"396":{"start":{"line":490,"column":12},"end":{"line":490,"column":null}},"397":{"start":{"line":491,"column":12},"end":{"line":491,"column":null}},"398":{"start":{"line":492,"column":12},"end":{"line":492,"column":null}},"399":{"start":{"line":493,"column":12},"end":{"line":493,"column":null}},"400":{"start":{"line":494,"column":12},"end":{"line":494,"column":null}},"401":{"start":{"line":495,"column":12},"end":{"line":495,"column":null}},"402":{"start":{"line":496,"column":12},"end":{"line":496,"column":null}},"403":{"start":{"line":497,"column":12},"end":{"line":497,"column":null}},"404":{"start":{"line":498,"column":12},"end":{"line":498,"column":null}},"405":{"start":{"line":499,"column":12},"end":{"line":499,"column":null}},"406":{"start":{"line":500,"column":12},"end":{"line":500,"column":null}},"407":{"start":{"line":501,"column":12},"end":{"line":501,"column":null}},"408":{"start":{"line":502,"column":12},"end":{"line":502,"column":null}},"409":{"start":{"line":503,"column":12},"end":{"line":503,"column":null}},"410":{"start":{"line":504,"column":12},"end":{"line":504,"column":null}},"411":{"start":{"line":505,"column":12},"end":{"line":505,"column":null}},"412":{"start":{"line":506,"column":12},"end":{"line":506,"column":null}},"413":{"start":{"line":507,"column":12},"end":{"line":507,"column":null}},"414":{"start":{"line":508,"column":12},"end":{"line":508,"column":null}},"415":{"start":{"line":517,"column":12},"end":{"line":517,"column":null}},"416":{"start":{"line":518,"column":12},"end":{"line":518,"column":null}},"417":{"start":{"line":519,"column":12},"end":{"line":519,"column":null}},"418":{"start":{"line":520,"column":12},"end":{"line":520,"column":null}},"419":{"start":{"line":521,"column":12},"end":{"line":521,"column":null}},"420":{"start":{"line":522,"column":12},"end":{"line":522,"column":null}},"421":{"start":{"line":523,"column":12},"end":{"line":523,"column":null}},"422":{"start":{"line":524,"column":12},"end":{"line":524,"column":null}},"423":{"start":{"line":525,"column":12},"end":{"line":525,"column":null}},"424":{"start":{"line":526,"column":12},"end":{"line":526,"column":null}},"425":{"start":{"line":527,"column":12},"end":{"line":527,"column":null}},"426":{"start":{"line":528,"column":12},"end":{"line":528,"column":null}},"427":{"start":{"line":529,"column":12},"end":{"line":529,"column":null}},"428":{"start":{"line":530,"column":12},"end":{"line":530,"column":28}},"429":{"start":{"line":530,"column":29},"end":{"line":530,"column":54}},"430":{"start":{"line":530,"column":55},"end":{"line":530,"column":80}},"431":{"start":{"line":530,"column":81},"end":{"line":530,"column":null}},"432":{"start":{"line":531,"column":12},"end":{"line":531,"column":39}},"433":{"start":{"line":531,"column":40},"end":{"line":531,"column":null}},"434":{"start":{"line":532,"column":12},"end":{"line":532,"column":39}},"435":{"start":{"line":532,"column":40},"end":{"line":532,"column":null}},"436":{"start":{"line":541,"column":12},"end":{"line":541,"column":null}},"437":{"start":{"line":542,"column":12},"end":{"line":542,"column":null}},"438":{"start":{"line":543,"column":12},"end":{"line":543,"column":null}},"439":{"start":{"line":544,"column":12},"end":{"line":544,"column":null}},"440":{"start":{"line":545,"column":12},"end":{"line":545,"column":null}},"441":{"start":{"line":546,"column":12},"end":{"line":546,"column":null}},"442":{"start":{"line":547,"column":12},"end":{"line":547,"column":null}},"443":{"start":{"line":548,"column":12},"end":{"line":548,"column":null}},"444":{"start":{"line":549,"column":12},"end":{"line":549,"column":null}},"445":{"start":{"line":550,"column":12},"end":{"line":550,"column":null}},"446":{"start":{"line":551,"column":12},"end":{"line":551,"column":null}},"447":{"start":{"line":552,"column":12},"end":{"line":552,"column":null}},"448":{"start":{"line":553,"column":12},"end":{"line":553,"column":null}},"449":{"start":{"line":554,"column":12},"end":{"line":554,"column":null}},"450":{"start":{"line":555,"column":12},"end":{"line":555,"column":null}},"451":{"start":{"line":556,"column":12},"end":{"line":556,"column":null}},"452":{"start":{"line":557,"column":12},"end":{"line":557,"column":null}},"453":{"start":{"line":566,"column":12},"end":{"line":566,"column":null}},"454":{"start":{"line":567,"column":12},"end":{"line":567,"column":null}},"455":{"start":{"line":568,"column":12},"end":{"line":568,"column":null}},"456":{"start":{"line":569,"column":12},"end":{"line":569,"column":null}},"457":{"start":{"line":570,"column":12},"end":{"line":570,"column":null}},"458":{"start":{"line":571,"column":12},"end":{"line":571,"column":null}},"459":{"start":{"line":572,"column":12},"end":{"line":572,"column":null}},"460":{"start":{"line":573,"column":12},"end":{"line":573,"column":null}},"461":{"start":{"line":574,"column":12},"end":{"line":574,"column":null}},"462":{"start":{"line":575,"column":12},"end":{"line":575,"column":null}},"463":{"start":{"line":576,"column":12},"end":{"line":576,"column":null}},"464":{"start":{"line":577,"column":12},"end":{"line":577,"column":null}},"465":{"start":{"line":578,"column":12},"end":{"line":578,"column":null}},"466":{"start":{"line":579,"column":12},"end":{"line":581,"column":null}},"467":{"start":{"line":580,"column":16},"end":{"line":580,"column":null}},"468":{"start":{"line":582,"column":12},"end":{"line":582,"column":null}},"469":{"start":{"line":583,"column":12},"end":{"line":583,"column":null}},"470":{"start":{"line":592,"column":27},"end":{"line":592,"column":77}},"471":{"start":{"line":593,"column":12},"end":{"line":597,"column":null}},"472":{"start":{"line":594,"column":26},"end":{"line":594,"column":53}},"473":{"start":{"line":595,"column":16},"end":{"line":595,"column":null}},"474":{"start":{"line":596,"column":16},"end":{"line":596,"column":null}},"475":{"start":{"line":598,"column":12},"end":{"line":598,"column":39}},"476":{"start":{"line":598,"column":40},"end":{"line":598,"column":null}},"477":{"start":{"line":599,"column":12},"end":{"line":599,"column":null}},"478":{"start":{"line":600,"column":12},"end":{"line":600,"column":28}},"479":{"start":{"line":600,"column":29},"end":{"line":600,"column":54}},"480":{"start":{"line":600,"column":55},"end":{"line":600,"column":80}},"481":{"start":{"line":600,"column":81},"end":{"line":600,"column":null}},"482":{"start":{"line":601,"column":12},"end":{"line":601,"column":null}},"483":{"start":{"line":602,"column":12},"end":{"line":602,"column":null}},"484":{"start":{"line":603,"column":12},"end":{"line":603,"column":null}},"485":{"start":{"line":604,"column":12},"end":{"line":604,"column":null}},"486":{"start":{"line":605,"column":12},"end":{"line":605,"column":null}},"487":{"start":{"line":606,"column":12},"end":{"line":606,"column":null}},"488":{"start":{"line":607,"column":12},"end":{"line":607,"column":28}},"489":{"start":{"line":607,"column":29},"end":{"line":607,"column":80}},"490":{"start":{"line":607,"column":81},"end":{"line":607,"column":null}},"491":{"start":{"line":608,"column":12},"end":{"line":608,"column":null}},"492":{"start":{"line":609,"column":12},"end":{"line":609,"column":null}},"493":{"start":{"line":619,"column":12},"end":{"line":619,"column":null}},"494":{"start":{"line":620,"column":12},"end":{"line":620,"column":null}},"495":{"start":{"line":621,"column":12},"end":{"line":621,"column":null}},"496":{"start":{"line":622,"column":12},"end":{"line":622,"column":null}},"497":{"start":{"line":623,"column":12},"end":{"line":623,"column":null}},"498":{"start":{"line":624,"column":12},"end":{"line":624,"column":null}},"499":{"start":{"line":625,"column":12},"end":{"line":625,"column":null}},"500":{"start":{"line":626,"column":12},"end":{"line":626,"column":null}},"501":{"start":{"line":627,"column":12},"end":{"line":627,"column":null}},"502":{"start":{"line":628,"column":12},"end":{"line":628,"column":null}},"503":{"start":{"line":629,"column":12},"end":{"line":629,"column":null}},"504":{"start":{"line":630,"column":12},"end":{"line":630,"column":null}},"505":{"start":{"line":631,"column":12},"end":{"line":631,"column":null}},"506":{"start":{"line":632,"column":12},"end":{"line":632,"column":null}},"507":{"start":{"line":633,"column":12},"end":{"line":633,"column":null}},"508":{"start":{"line":634,"column":12},"end":{"line":634,"column":null}},"509":{"start":{"line":635,"column":12},"end":{"line":635,"column":null}},"510":{"start":{"line":636,"column":12},"end":{"line":636,"column":28}},"511":{"start":{"line":636,"column":29},"end":{"line":636,"column":77}},"512":{"start":{"line":636,"column":78},"end":{"line":636,"column":null}},"513":{"start":{"line":644,"column":12},"end":{"line":644,"column":null}},"514":{"start":{"line":645,"column":12},"end":{"line":645,"column":null}},"515":{"start":{"line":646,"column":12},"end":{"line":646,"column":null}},"516":{"start":{"line":647,"column":12},"end":{"line":647,"column":null}},"517":{"start":{"line":648,"column":12},"end":{"line":648,"column":null}},"518":{"start":{"line":649,"column":12},"end":{"line":649,"column":null}},"519":{"start":{"line":650,"column":12},"end":{"line":650,"column":null}},"520":{"start":{"line":651,"column":12},"end":{"line":651,"column":null}},"521":{"start":{"line":652,"column":12},"end":{"line":652,"column":null}},"522":{"start":{"line":653,"column":12},"end":{"line":653,"column":null}},"523":{"start":{"line":654,"column":12},"end":{"line":654,"column":null}},"524":{"start":{"line":655,"column":12},"end":{"line":655,"column":null}},"525":{"start":{"line":656,"column":12},"end":{"line":656,"column":null}},"526":{"start":{"line":657,"column":12},"end":{"line":657,"column":null}},"527":{"start":{"line":658,"column":12},"end":{"line":658,"column":null}},"528":{"start":{"line":659,"column":12},"end":{"line":659,"column":null}},"529":{"start":{"line":660,"column":12},"end":{"line":660,"column":28}},"530":{"start":{"line":660,"column":29},"end":{"line":660,"column":77}},"531":{"start":{"line":660,"column":78},"end":{"line":660,"column":null}},"532":{"start":{"line":668,"column":12},"end":{"line":668,"column":null}},"533":{"start":{"line":669,"column":12},"end":{"line":669,"column":null}},"534":{"start":{"line":670,"column":12},"end":{"line":670,"column":null}},"535":{"start":{"line":671,"column":12},"end":{"line":671,"column":null}},"536":{"start":{"line":672,"column":12},"end":{"line":672,"column":null}},"537":{"start":{"line":673,"column":12},"end":{"line":673,"column":null}},"538":{"start":{"line":674,"column":12},"end":{"line":674,"column":null}},"539":{"start":{"line":675,"column":12},"end":{"line":675,"column":null}},"540":{"start":{"line":676,"column":12},"end":{"line":676,"column":null}},"541":{"start":{"line":677,"column":12},"end":{"line":677,"column":null}},"542":{"start":{"line":678,"column":12},"end":{"line":678,"column":null}},"543":{"start":{"line":679,"column":12},"end":{"line":679,"column":null}},"544":{"start":{"line":680,"column":12},"end":{"line":680,"column":null}},"545":{"start":{"line":681,"column":12},"end":{"line":681,"column":null}},"546":{"start":{"line":682,"column":12},"end":{"line":682,"column":null}},"547":{"start":{"line":683,"column":12},"end":{"line":683,"column":null}},"548":{"start":{"line":684,"column":12},"end":{"line":684,"column":28}},"549":{"start":{"line":684,"column":29},"end":{"line":684,"column":77}},"550":{"start":{"line":684,"column":78},"end":{"line":684,"column":null}},"551":{"start":{"line":692,"column":12},"end":{"line":692,"column":null}},"552":{"start":{"line":693,"column":12},"end":{"line":693,"column":null}},"553":{"start":{"line":694,"column":12},"end":{"line":694,"column":null}},"554":{"start":{"line":695,"column":12},"end":{"line":695,"column":null}},"555":{"start":{"line":696,"column":12},"end":{"line":696,"column":null}},"556":{"start":{"line":697,"column":12},"end":{"line":697,"column":null}},"557":{"start":{"line":698,"column":12},"end":{"line":698,"column":null}},"558":{"start":{"line":699,"column":12},"end":{"line":699,"column":null}},"559":{"start":{"line":700,"column":12},"end":{"line":700,"column":null}},"560":{"start":{"line":701,"column":12},"end":{"line":701,"column":null}},"561":{"start":{"line":702,"column":12},"end":{"line":702,"column":null}},"562":{"start":{"line":703,"column":12},"end":{"line":703,"column":null}},"563":{"start":{"line":704,"column":12},"end":{"line":704,"column":null}},"564":{"start":{"line":705,"column":12},"end":{"line":705,"column":null}},"565":{"start":{"line":706,"column":12},"end":{"line":706,"column":null}},"566":{"start":{"line":707,"column":12},"end":{"line":707,"column":null}},"567":{"start":{"line":708,"column":12},"end":{"line":708,"column":null}},"568":{"start":{"line":709,"column":12},"end":{"line":709,"column":null}},"569":{"start":{"line":710,"column":12},"end":{"line":710,"column":null}},"570":{"start":{"line":711,"column":12},"end":{"line":711,"column":28}},"571":{"start":{"line":711,"column":29},"end":{"line":711,"column":77}},"572":{"start":{"line":711,"column":78},"end":{"line":711,"column":null}},"573":{"start":{"line":719,"column":12},"end":{"line":719,"column":null}},"574":{"start":{"line":720,"column":12},"end":{"line":720,"column":null}},"575":{"start":{"line":721,"column":12},"end":{"line":721,"column":null}},"576":{"start":{"line":722,"column":12},"end":{"line":722,"column":null}},"577":{"start":{"line":723,"column":12},"end":{"line":723,"column":null}},"578":{"start":{"line":724,"column":12},"end":{"line":724,"column":null}},"579":{"start":{"line":725,"column":12},"end":{"line":725,"column":null}},"580":{"start":{"line":726,"column":12},"end":{"line":726,"column":null}},"581":{"start":{"line":727,"column":12},"end":{"line":727,"column":null}},"582":{"start":{"line":728,"column":12},"end":{"line":728,"column":null}},"583":{"start":{"line":729,"column":12},"end":{"line":729,"column":null}},"584":{"start":{"line":730,"column":12},"end":{"line":730,"column":null}},"585":{"start":{"line":731,"column":12},"end":{"line":731,"column":null}},"586":{"start":{"line":732,"column":12},"end":{"line":732,"column":null}},"587":{"start":{"line":733,"column":12},"end":{"line":733,"column":28}},"588":{"start":{"line":733,"column":29},"end":{"line":733,"column":61}},"589":{"start":{"line":733,"column":62},"end":{"line":733,"column":94}},"590":{"start":{"line":733,"column":95},"end":{"line":733,"column":null}},"591":{"start":{"line":734,"column":12},"end":{"line":734,"column":null}},"592":{"start":{"line":735,"column":12},"end":{"line":735,"column":28}},"593":{"start":{"line":735,"column":29},"end":{"line":735,"column":62}},"594":{"start":{"line":735,"column":63},"end":{"line":735,"column":96}},"595":{"start":{"line":735,"column":97},"end":{"line":735,"column":null}},"596":{"start":{"line":736,"column":12},"end":{"line":736,"column":28}},"597":{"start":{"line":736,"column":29},"end":{"line":736,"column":93}},"598":{"start":{"line":736,"column":94},"end":{"line":736,"column":null}},"599":{"start":{"line":746,"column":12},"end":{"line":746,"column":null}},"600":{"start":{"line":747,"column":12},"end":{"line":747,"column":null}},"601":{"start":{"line":748,"column":12},"end":{"line":748,"column":null}},"602":{"start":{"line":749,"column":12},"end":{"line":749,"column":null}},"603":{"start":{"line":750,"column":12},"end":{"line":750,"column":null}},"604":{"start":{"line":758,"column":12},"end":{"line":758,"column":null}},"605":{"start":{"line":759,"column":12},"end":{"line":759,"column":28}},"606":{"start":{"line":759,"column":29},"end":{"line":759,"column":55}},"607":{"start":{"line":759,"column":56},"end":{"line":759,"column":81}},"608":{"start":{"line":759,"column":82},"end":{"line":759,"column":null}},"609":{"start":{"line":760,"column":12},"end":{"line":760,"column":null}},"610":{"start":{"line":761,"column":12},"end":{"line":761,"column":null}},"611":{"start":{"line":762,"column":25},"end":{"line":762,"column":75}},"612":{"start":{"line":763,"column":12},"end":{"line":767,"column":null}},"613":{"start":{"line":764,"column":26},"end":{"line":764,"column":57}},"614":{"start":{"line":765,"column":16},"end":{"line":765,"column":null}},"615":{"start":{"line":766,"column":16},"end":{"line":766,"column":null}},"616":{"start":{"line":768,"column":12},"end":{"line":768,"column":null}},"617":{"start":{"line":769,"column":12},"end":{"line":769,"column":null}},"618":{"start":{"line":777,"column":12},"end":{"line":777,"column":null}},"619":{"start":{"line":778,"column":12},"end":{"line":778,"column":null}},"620":{"start":{"line":779,"column":12},"end":{"line":779,"column":null}},"621":{"start":{"line":780,"column":12},"end":{"line":780,"column":null}},"622":{"start":{"line":781,"column":12},"end":{"line":781,"column":null}},"623":{"start":{"line":782,"column":12},"end":{"line":782,"column":null}},"624":{"start":{"line":783,"column":12},"end":{"line":783,"column":null}},"625":{"start":{"line":784,"column":12},"end":{"line":786,"column":null}},"626":{"start":{"line":785,"column":16},"end":{"line":785,"column":null}},"627":{"start":{"line":794,"column":12},"end":{"line":794,"column":null}},"628":{"start":{"line":795,"column":12},"end":{"line":795,"column":null}},"629":{"start":{"line":796,"column":12},"end":{"line":796,"column":null}},"630":{"start":{"line":797,"column":12},"end":{"line":797,"column":28}},"631":{"start":{"line":797,"column":29},"end":{"line":797,"column":55}},"632":{"start":{"line":797,"column":5
[...]
{"line":10,"column":8},"end":{"line":10,"column":null}},"3":{"start":{"line":11,"column":8},"end":{"line":11,"column":null}},"4":{"start":{"line":12,"column":8},"end":{"line":12,"column":null}},"5":{"start":{"line":13,"column":8},"end":{"line":13,"column":null}},"6":{"start":{"line":14,"column":8},"end":{"line":14,"column":null}},"7":{"start":{"line":15,"column":8},"end":{"line":15,"column":null}},"8":{"start":{"line":21,"column":8},"end":{"line":31,"column":null}},"9":{"start":{"line":22,"column":12},"end":{"line":23,"column":null}},"10":{"start":{"line":24,"column":28},"end":{"line":24,"column":43}},"11":{"start":{"line":25,"column":29},"end":{"line":25,"column":85}},"12":{"start":{"line":25,"column":45},"end":{"line":25,"column":84}},"13":{"start":{"line":26,"column":12},"end":{"line":26,"column":null}},"14":{"start":{"line":26,"column":32},"end":{"line":26,"column":null}},"15":{"start":{"line":28,"column":24},"end":{"line":28,"column":49}},"16":{"start":{"line":29,"column":12},"end":{"line":29,"column":null}},"17":{"start":{"line":30,"column":12},"end":{"line":30,"column":null}},"18":{"start":{"line":33,"column":19},"end":{"line":33,"column":48}},"19":{"start":{"line":34,"column":8},"end":{"line":34,"column":null}},"20":{"start":{"line":35,"column":8},"end":{"line":35,"column":null}},"21":{"start":{"line":38,"column":8},"end":{"line":45,"column":null}},"22":{"start":{"line":50,"column":8},"end":{"line":50,"column":null}},"23":{"start":{"line":51,"column":8},"end":{"line":51,"column":null}},"24":{"start":{"line":54,"column":8},"end":{"line":54,"column":null}},"25":{"start":{"line":55,"column":8},"end":{"line":55,"column":null}},"26":{"start":{"line":58,"column":8},"end":{"line":58,"column":null}},"27":{"start":{"line":59,"column":8},"end":{"line":59,"column":null}},"28":{"start":{"line":62,"column":8},"end":{"line":62,"column":null}},"29":{"start":{"line":63,"column":8},"end":{"line":63,"column":29}},"30":{"start":{"line":63,"column":30},"end":{"line":63,"column":51}},"31":{"start":{"line":63,"column":52},"end":{"line":63,"column":null}},"32":{"start":{"line":64,"column":8},"end":{"line":64,"column":24}},"33":{"start":{"line":64,"column":25},"end":{"line":64,"column":null}},"34":{"start":{"line":67,"column":8},"end":{"line":67,"column":null}},"35":{"start":{"line":68,"column":8},"end":{"line":68,"column":28}},"36":{"start":{"line":68,"column":29},"end":{"line":68,"column":48}},"37":{"start":{"line":68,"column":49},"end":{"line":68,"column":null}},"38":{"start":{"line":69,"column":8},"end":{"line":69,"column":24}},"39":{"start":{"line":69,"column":25},"end":{"line":69,"column":null}},"40":{"start":{"line":72,"column":8},"end":{"line":72,"column":null}},"41":{"start":{"line":73,"column":8},"end":{"line":73,"column":28}},"42":{"start":{"line":73,"column":29},"end":{"line":73,"column":49}},"43":{"start":{"line":73,"column":50},"end":{"line":73,"column":null}},"44":{"start":{"line":74,"column":8},"end":{"line":74,"column":24}},"45":{"start":{"line":74,"column":25},"end":{"line":74,"column":null}},"46":{"start":{"line":77,"column":8},"end":{"line":77,"column":null}},"47":{"start":{"line":78,"column":8},"end":{"line":78,"column":null}},"48":{"start":{"line":81,"column":8},"end":{"line":81,"column":null}},"49":{"start":{"line":82,"column":8},"end":{"line":82,"column":null}},"50":{"start":{"line":83,"column":8},"end":{"line":83,"column":null}},"51":{"start":{"line":86,"column":8},"end":{"line":86,"column":null}},"52":{"start":{"line":87,"column":8},"end":{"line":87,"column":null}},"53":{"start":{"line":88,"column":8},"end":{"line":88,"column":null}},"54":{"start":{"line":91,"column":8},"end":{"line":91,"column":null}},"55":{"start":{"line":92,"column":8},"end":{"line":92,"column":null}},"56":{"start":{"line":93,"column":8},"end":{"line":93,"column":null}},"57":{"start":{"line":94,"column":8},"end":{"line":94,"column":null}},"58":{"start":{"line":98,"column":19},"end":{"line":98,"column":44}},"59":{"start":{"line":101,"column":8},"end":{"line":101,"column":null}},"60":{"start":{"line":101,"column":37},"end":{"line":101,"column":57}},"61":{"start":{"line":102,"column":8},"end":{"line":102,"column":null}},"62":{"start":{"line":102,"column":37},"end":{"line":102,"column":57}},"63":{"start":{"line":103,"column":8},"end":{"line":103,"column":null}},"64":{"start":{"line":103,"column":37},"end":{"line":103,"column":57}},"65":{"start":{"line":104,"column":8},"end":{"line":104,"column":null}},"66":{"start":{"line":104,"column":37},"end":{"line":104,"column":57}},"67":{"start":{"line":107,"column":8},"end":{"line":107,"column":null}},"68":{"start":{"line":107,"column":33},"end":{"line":107,"column":53}},"69":{"start":{"line":108,"column":8},"end":{"line":108,"column":null}},"70":{"start":{"line":108,"column":33},"end":{"line":108,"column":53}},"71":{"start":{"line":109,"column":8},"end":{"line":109,"column":null}},"72":{"start":{"line":109,"column":33},"end":{"line":109,"column":53}},"73":{"start":{"line":110,"column":8},"end":{"line":110,"column":null}},"74":{"start":{"line":110,"column":33},"end":{"line":110,"column":53}},"75":{"start":{"line":112,"column":8},"end":{"line":112,"column":null}},"76":{"start":{"line":116,"column":24},"end":{"line":121,"column":9}},"77":{"start":{"line":123,"column":8},"end":{"line":136,"column":null}},"78":{"start":{"line":124,"column":23},"end":{"line":130,"column":73}},"79":{"start":{"line":128,"column":41},"end":{"line":128,"column":61}},"80":{"start":{"line":129,"column":41},"end":{"line":129,"column":71}},"81":{"start":{"line":130,"column":41},"end":{"line":130,"column":72}},"82":{"start":{"line":132,"column":12},"end":{"line":135,"column":null}},"83":{"start":{"line":140,"column":8},"end":{"line":140,"column":null}},"84":{"start":{"line":140,"column":27},"end":{"line":140,"column":null}},"85":{"start":{"line":141,"column":23},"end":{"line":141,"column":36}},"86":{"start":{"line":142,"column":23},"end":{"line":142,"column":36}},"87":{"start":{"line":144,"column":8},"end":{"line":144,"column":null}},"88":{"start":{"line":144,"column":82},"end":{"line":144,"column":null}},"89":{"start":{"line":146,"column":27},"end":{"line":146,"column":52}},"90":{"start":{"line":148,"column":8},"end":{"line":148,"column":null}},"91":{"start":{"line":148,"column":38},"end":{"line":148,"column":null}},"92":{"start":{"line":150,"column":8},"end":{"line":156,"column":null}},"93":{"start":{"line":151,"column":25},"end":{"line":151,"column":73}},"94":{"start":{"line":152,"column":12},"end":{"line":155,"column":null}},"95":{"start":{"line":153,"column":16},"end":{"line":153,"column":null}},"96":{"start":{"line":154,"column":16},"end":{"line":154,"column":null}},"97":{"start":{"line":158,"column":8},"end":{"line":161,"column":null}},"98":{"start":{"line":159,"column":12},"end":{"line":159,"column":null}},"99":{"start":{"line":159,"column":47},"end":{"line":159,"column":73}},"100":{"start":{"line":160,"column":12},"end":{"line":160,"column":null}},"101":{"start":{"line":163,"column":8},"end":{"line":163,"column":null}},"102":{"start":{"line":167,"column":8},"end":{"line":167,"column":null}},"103":{"start":{"line":168,"column":8},"end":{"line":168,"column":null}},"104":{"start":{"line":169,"column":8},"end":{"line":169,"column":null}},"105":{"start":{"line":170,"column":19},"end":{"line":170,"column":38}},"106":{"start":{"line":171,"column":8},"end":{"line":182,"column":null}},"107":{"start":{"line":178,"column":16},"end":{"line":178,"column":null}},"108":{"start":{"line":179,"column":16},"end":{"line":179,"column":null}},"109":{"start":{"line":180,"column":16},"end":{"line":180,"column":null}},"110":{"start":{"line":180,"column":32},"end":{"line":180,"column":null}},"111":{"start":{"line":189,"column":8},"end":{"line":189,"column":null}}},"fnMap":{"0":{"name":"(anonymous_0)","decl":{"start":{"line":7,"column":4},"end":{"line":7,"column":15}},"loc":{"start":{"line":7,"column":49},"end":{"line":16,"column":null}},"line":7},"1":{"name":"(anonymous_1)","decl":{"start":{"line":18,"column":4},"end":{"line":18,"column":16}},"loc":{"start":{"line":18,"column":19},"end":{"line":46,"column":null}},"line":18},"2":{"name":"(anonymous_2)","decl":{"start":{"line":25,"column":40},"end":{"line":25,"column":41}},"loc":{"start":{"line":25,"column":45},"end":{"line":25,"column":84}},"line":25},"3":{"name":"(anonymous_3)","decl":{"start":{"line":48,"column":4},"end":{"line":48,"column":25}},"loc":{"start":{"line":48,"column":31},"end":{"line":95,"column":null}},"line":48},"4":{"name":"(anonymous_4)","decl":{"start":{"line":97,"column":4},"end":{"line":97,"column":15}},"loc":{"start":{"line":97,"column":18},"end":{"line":113,"column":null}},"line":97},"5":{"name":"(anonymous_5)","decl":{"start":{"line":101,"column":31},"end":{"line":101,"column":32}},"loc":{"start":{"line":101,"column":37},"end":{"line":101,"column":57}},"line":101},"6":{"name":"(anonymous_6)","decl":{"start":{"line":102,"column":31},"end":{"line":102,"column":32}},"loc":{"start":{"line":102,"column":37},"end":{"line":102,"column":57}},"line":102},"7":{"name":"(anonymous_7)","decl":{"start":{"line":103,"column":31},"end":{"line":103,"column":32}},"loc":{"start":{"line":103,"column":37},"end":{"line":103,"column":57}},"line":103},"8":{"name":"(anonymous_8)","decl":{"start":{"line":104,"column":31},"end":{"line":104,"column":32}},"loc":{"start":{"line":104,"column":37},"end":{"line":104,"column":57}},"line":104},"9":{"name":"(anonymous_9)","decl":{"start":{"line":107,"column":27},"end":{"line":107,"column":28}},"loc":{"start":{"line":107,"column":33},"end":{"line":107,"column":53}},"line":107},"10":{"name":"(anonymous_10)","decl":{"start":{"line":108,"column":27},"end":{"line":108,"column":28}},"loc":{"start":{"line":108,"column":33},"end":{"line":108,"column":53}},"line":108},"11":{"name":"(anonymous_11)","decl":{"start":{"line":109,"column":27},"end":{"line":109,"column":28}},"loc":{"start":{"line":109,"column":33},"end":{"line":109,"column":53}},"line":109},"12":{"name":"(anonymous_12)","decl":{"start":{"line":110,"column":27},"end":{"line":110,"column":28}},"loc":{"start":{"line":110,"column":33},"end":{"line":110,"column":53}},"line":110},"13":{"name":"(anonymous_13)","decl":{"start":{"line":115,"column":4},"end":{"line":115,"column":14}},"loc":{"start":{"line":115,"column":17},"end":{"line":137,"column":null}},"line":115},"14":{"name":"(anonymous_14)","decl":{"start":{"line":123,"column":24},"end":{"line":123,"column":25}},"loc":{"start":{"line":123,"column":56},"end":{"line":136,"column":9}},"line":123},"15":{"name":"(anonymous_15)","decl":{"start":{"line":128,"column":35},"end":{"line":128,"column":36}},"loc":{"start":{"line":128,"column":41},"end":{"line":128,"column":61}},"line":128},"16":{"name":"(anonymous_16)","decl":{"start":{"line":129,"column":35},"end":{"line":129,"column":36}},"loc":{"start":{"line":129,"column":41},"end":{"line":129,"column":71}},"line":129},"17":{"name":"(anonymous_17)","decl":{"start":{"line":130,"column":35},"end":{"line":130,"column":36}},"loc":{"start":{"line":130,"column":41},"end":{"line":130,"column":72}},"line":130},"18":{"name":"(anonymous_18)","decl":{"start":{"line":139,"column":4},"end":{"line":139,"column":11}},"loc":{"start":{"line":139,"column":20},"end":{"line":164,"column":null}},"line":139},"19":{"name":"(anonymous_19)","decl":{"start":{"line":159,"column":41},"end":{"line":159,"column":42}},"loc":{"start":{"line":159,"column":47},"end":{"line":159,"column":73}},"line":159},"20":{"name":"(anonymous_20)","decl":{"start":{"line":166,"column":4},"end":{"line":166,"column":11}},"loc":{"start":{"line":166,"column":34},"end":{"line":183,"column":null}},"line":166},"21":{"name":"(anonymous_21)","decl":{"start":{"line":177,"column":24},"end":{"line":177,"column":25}},"loc":{"start":{"line":177,"column":30},"end":{"line":181,"column":null}},"line":177},"22":{"name":"(anonymous_22)","decl":{"start":{"line":186,"column":4},"end":{"line":186,"column":10}},"loc":{"start":{"line":186,"column":13},"end":{"line":186,"column":null}},"line":186},"23":{"name":"(anonymous_23)","decl":{"start":{"line":188,"column":4},"end":{"line":188,"column":11}},"loc":{"start":{"line":188,"column":14},"end":{"line":190,"column":null}},"line":188}},"branchMap":{"0":{"loc":{"start":{"line":21,"column":8},"end":{"line":31,"column":null}},"type":"if","locations":[{"start":{"line":21,"column":8},"end":{"line":31,"column":null}},{"start":{"line":27,"column":15},"end":{"line":31,"column":null}}],"line":21},"1":{"loc":{"start":{"line":25,"column":55},"end":{"line":25,"column":83}},"type":"binary-expr","locations":[{"start":{"line":25,"column":55},"end":{"line":25,"column":65}},{"start":{"line":25,"column":69},"end":{"line":25,"column":83}}],"line":25},"2":{"loc":{"start":{"line":26,"column":12},"end":{"line":26,"column":null}},"type":"if","locations":[{"start":{"line":26,"column":12},"end":{"line":26,"column":null}},{"start":{},"end":{}}],"line":26},"3":{"loc":{"start":{"line":140,"column":8},"end":{"line":140,"column":null}},"type":"if","locations":[{"start":{"line":140,"column":8},"end":{"line":140,"column":null}},{"start":{},"end":{}}],"line":140},"4":{"loc":{"start":{"line":144,"column":8},"end":{"line":144,"column":null}},"type":"if","locations":[{"start":{"line":144,"column":8},"end":{"line":144,"column":null}},{"start":{},"end":{}}],"line":144},"5":{"loc":{"start":{"line":144,"column":12},"end":{"line":144,"column":80}},"type":"binary-expr","locations":[{"start":{"line":144,"column":12},"end":{"line":144,"column":22}},{"start":{"line":144,"column":26},"end":{"line":144,"column":44}},{"start":{"line":144,"column":48},"end":{"line":144,"column":58}},{"start":{"line":144,"column":62},"end":{"line":144,"column":80}}],"line":144},"6":{"loc":{"start":{"line":148,"column":8},"end":{"line":148,"column":null}},"type":"if","locations":[{"start":{"line":148,"column":8},"end":{"line":148,"column":null}},{"start":{},"end":{}}],"line":148},"7":{"loc":{"start":{"line":150,"column":8},"end":{"line":156,"column":null}},"type":"if","locations":[{"start":{"line":150,"column":8},"end":{"line":156,"column":null}},{"start":{},"end":{}}],"line":150},"8":{"loc":{"start":{"line":152,"column":12},"end":{"line":155,"column":null}},"type":"if","locations":[{"start":{"line":152,"column":12},"end":{"line":155,"column":null}},{"start":{},"end":{}}],"line":152},"9":{"loc":{"start":{"line":152,"column":16},"end":{"line":152,"column":38}},"type":"binary-expr","locations":[{"start":{"line":152,"column":16},"end":{"line":152,"column":20}},{"start":{"line":152,"column":24},"end":{"line":152,"column":38}}],"line":152},"10":{"loc":{"start":{"line":158,"column":8},"end":{"line":161,"column":null}},"type":"if","locations":[{"start":{"line":158,"column":8},"end":{"line":161,"column":null}},{"start":{},"end":{}}],"line":158},"11":{"loc":{"start":{"line":180,"column":16},"end":{"line":180,"column":null}},"type":"if","locations":[{"start":{"line":180,"column":16},"end":{"line":180,"column":null}},{"start":{},"end":{}}],"line":180}},"s":{"0":0,"1":0,"2":0,"3":0,"4":0,"5":0,"6":0,"7":0,"8":0,"9":0,"10":0,"11":0,"12":0,"13":0,"14":0,"15":0,"16":0,"17":0,"18":0,"19":0,"20":0,"21":0,"22":0,"23":0,"24":0,"25":0,"26":0,"27":0,"28":0,"29":0,"30":0,"31":0,"32":0,"33":0,"34":0,"35":0,"36":0,"37":0,"38":0,"39":0,"40":0,"41":0,"42":0,"43":0,"44":0,"45":0,"46":0,"47":0,"48":0,"49":0,"50":0,"51":0,"52":0,"53":0,"54":0,"55":0,"56":0,"57":0,"58":0,"59":0,"60":0,"61":0,"62":0,"63":0,"64":0,"65":0,"66":0,"67":0,"68":0,"69":0,"70":0,"71":0,"72":0,"73":0,"74":0,"75":0,"76":0,"77":0,"78":0,"79":0,"80":0,"81":0,"82":0,"83":0,"84":0,"85":0,"86":0,"87":0,"88":0,"89":0,"90":0,"91":0,"92":0,"93":0,"94":0,"95":0,"96":0,"97":0,"98":0,"99":0,"100":0,"101":0,"102":0,"103":0,"104":0,"105":0,"106":0,"107":0,"108":0,"109":0,"110":0,"111":0},"f":{"0":0,"1":0,"2":0,"3":0,"4":0,"5":0,"6":0,"7":0,"8":0,"9":0,"10":0,"11":0,"12":0,"13":0,"14":0,"15":0,"16":0,"17":0,"18":0,"19":0,"20":0,"21":0,"22":0,"23":0},"b":{"0":[0,0],"1":[0,0],"2":[0,0],"3":[0,0],"4":[0,0],"5":[0,0,0,0],"6":[0,0],"7":[0,0],"8":[0,0],"9":[0,0],"10":[0,0],"11":[0,0]},"meta":{"lastBranch":12,"lastFunction":24,"lastStatement":112,"seen":{"f:7:4:7:15":0,"s:8:8:8:Infinity":0,"s:9:8:9:Infinity":1,"s:10:8:10:Infinity":2,"s:11:8:11:Infinity":3,"s:12:8:12:Infinity":4,"s:13:8:13:Infinity":5,"s:14:8:14:Infinity":6,"s:15:8:15:Infinity":7,"f:18:4:18:16":1,"b:21:8:31:Infinity:27:15:31:Infinity":0,"s:21:8:31:Infinity":8,"s:22:12:23:Infinity":9,"s:24:28:24:43":10,"s:25:29:25:85":11,"f:25:40:25:41":2,"s:25:45:25:84":12,"b:25:55:25:65:25:69:25:83":1,"b:26:12:26:Infinity:undefined:undefined:undefined:undefined":2,"s:26:12:26:Infinity":13,"s:26:32:26:Infinity":14,"s:28:24:28:49":15,"s:29:12:29:Infinity":16,"s:30:12:30:Infinity":17,"s:33:19:33:48":18,"s:34:8:34:Infinity":19,"s:35:8:35:Infinity":20,"s:38:8:45:Infinity":21,"f:48:4:48:25":3,"s:50:8:50:Infinity":22,"s:51:8:51:Infinity":23,"s:54:8:54:Infinity":24,"s:55:8:55:Infinity":25,"s:58:8:58:Infinity":26,"s:59:8:59:Infinity":27,"s:62:8:62:Infinity":28,"s:63:8:63:29":29,"s:63:30:63:51":30,"s:63:52:63:Infinity":31,"s:64:8:64:24":32,"s:64:25:64:Infinity":33,"s:67:8:67:Infinity":34,"s:68:8:68:28":35,"s:68:29:68:48":36,"s:68:49:68:Infinity":37,"s:69:8:69:24":38,"s:69:25:69:Infinity":39,"s:72:8:72:Infinity":40,"s:73:8:73:28":41,"s:73:29:73:49":42,"s:73:50:73:Infinity":43,"s:74:8:74:24":44,"s:74:25:74:Infinity":45,"s:77:8:77:Infinity":46,"s:78:8:78:Infinity":47,"s:81:8:81:Infinity":48,"s:82:8:82:Infinity":49,"s:83:8:83:Infinity":50,"s:86:8:86:Infinity":51,"s:87:8:87:Infinity":52,"s:88:8:88:Infinity":53,"s:91:8:91:Infinity":54,"s:92:8:92:Infinity":55,"s:93:8:93:Infinity":56,"s:94:8:94:Infinity":57,"f:97:4:97:15":4,"s:98:19:98:44":58,"s:101:8:101:Infinity":59,"f:101:31:101:32":5,"s:101:37:101:57":60,"s:102:8:102:Infinity":61,"f:102:31:102:32":6,"s:102:37:102:57":62,"s:103:8:103:Infinity":63,"f:103:31:103:32":7,"s:103:37:103:57":64,"s:104:8:104:Infinity":65,"f:104:31:104:32":8,"s:104:37:104:57":66,"s:107:8:107:Infinity":67,"f:107:27:107:28":9,"s:107:33:107:53":68,"s:108:8:108:Infinity":69,"f:108:27:108:28":10,"s:108:33:108:53":70,"s:109:8:109:Infinity":71,"f:109:27:109:28":11,"s:109:33:109:53":72,"s:110:8:110:Infinity":73,"f:110:27:110:28":12,"s:110:33:110:53":74,"s:112:8:112:Infinity":75,"f:115:4:115:14":13,"s:116:24:121:9":76,"s:123:8:136:Infinity":77,"f:123:24:123:25":14,"s:124:23:130:73":78,"f:128:35:128:36":15,"s:128:41:128:61":79,"f:129:35:129:36":16,"s:129:41:129:71":80,"f:130:35:130:36":17,"s:130:41:130:72":81,"s:132:12:135:Infinity":82,"f:139:4:139:11":18,"b:140:8:140:Infinity:undefined:undefined:undefined:undefined":3,"s:140:8:140:Infinity":83,"s:140:27:140:Infinity":84,"s:141:23:141:36":85,"s:142:23:142:36":86,"b:144:8:144:Infinity:undefined:undefined:undefined:undefined":4,"s:144:8:144:Infinity":87,"b:144:12:144:22:144:26:144:44:144:48:144:58:144:62:144:80":5,"s:144:82:144:Infinity":88,"s:146:27:146:52":89,"b:148:8:148:Infinity:undefined:undefined:undefined:undefined":6,"s:148:8:148:Infinity":90,"s:148:38:148:Infinity":91,"b:150:8:156:Infinity:undefined:undefined:undefined:undefined":7,"s:150:8:156:Infinity":92,"s:151:25:151:73":93,"b:152:12:155:Infinity:undefined:undefined:undefined:undefined":8,"s:152:12:155:Infinity":94,"b:152:16:152:20:152:24:152:38":9,"s:153:16:153:Infinity":95,"s:154:16:154:Infinity":96,"b:158:8:161:Infinity:undefined:undefined:undefined:undefined":10,"s:158:8:161:Infinity":97,"s:159:12:159:Infinity":98,"f:159:41:159:42":19,"s:159:47:159:73":99,"s:160:12:160:Infinity":100,"s:163:8:163:Infinity":101,"f:166:4:166:11":20,"s:167:8:167:Infinity":102,"s:168:8:168:Infinity":103,"s:169:8:169:Infinity":104,"s:170:19:170:38":105,"s:171:8:182:Infinity":106,"f:177:24:177:25":21,"s:178:16:178:Infinity":107,"s:179:16:179:Infinity":108,"b:180:16:180:Infinity:undefined:undefined:undefined:undefined":11,"s:180:16:180:Infinity":109,"s:180:32:180:Infinity":110,"f:186:4:186:10":22,"f:188:4:188:11":23,"s:189:8:189:Infinity":111}}}
}
